{"total": {"lines":{"total":702,"covered":112,"skipped":0,"pct":15.95},"statements":{"total":750,"covered":114,"skipped":0,"pct":15.2},"functions":{"total":304,"covered":14,"skipped":0,"pct":4.61},"branches":{"total":351,"covered":6,"skipped":0,"pct":1.71}}
,"/Users/preto/pasta_Trybe/PROJETOS_TRYBE/TRYBE-PROJETOS/sd-05-recipes-app-3/src/App.js": {"lines":{"total":5,"covered":1,"skipped":0,"pct":20},"functions":{"total":5,"covered":1,"skipped":0,"pct":20},"statements":{"total":5,"covered":1,"skipped":0,"pct":20},"branches":{"total":0,"covered":0,"skipped":0,"pct":100}}
,"/Users/preto/pasta_Trybe/PROJETOS_TRYBE/TRYBE-PROJETOS/sd-05-recipes-app-3/src/components/ButtonSearch.jsx": {"lines":{"total":3,"covered":1,"skipped":0,"pct":33.33},"functions":{"total":1,"covered":0,"skipped":0,"pct":0},"statements":{"total":3,"covered":1,"skipped":0,"pct":33.33},"branches":{"total":0,"covered":0,"skipped":0,"pct":100}}
,"/Users/preto/pasta_Trybe/PROJETOS_TRYBE/TRYBE-PROJETOS/sd-05-recipes-app-3/src/components/DoneCard.jsx": {"lines":{"total":6,"covered":2,"skipped":0,"pct":33.33},"functions":{"total":2,"covered":0,"skipped":0,"pct":0},"statements":{"total":6,"covered":2,"skipped":0,"pct":33.33},"branches":{"total":4,"covered":0,"skipped":0,"pct":0}}
,"/Users/preto/pasta_Trybe/PROJETOS_TRYBE/TRYBE-PROJETOS/sd-05-recipes-app-3/src/components/Drink.jsx": {"lines":{"total":4,"covered":1,"skipped":0,"pct":25},"functions":{"total":1,"covered":0,"skipped":0,"pct":0},"statements":{"total":4,"covered":1,"skipped":0,"pct":25},"branches":{"total":0,"covered":0,"skipped":0,"pct":100}}
,"/Users/preto/pasta_Trybe/PROJETOS_TRYBE/TRYBE-PROJETOS/sd-05-recipes-app-3/src/components/DrinkCategories.jsx": {"lines":{"total":18,"covered":0,"skipped":0,"pct":0},"functions":{"total":11,"covered":0,"skipped":0,"pct":0},"statements":{"total":20,"covered":0,"skipped":0,"pct":0},"branches":{"total":10,"covered":0,"skipped":0,"pct":0}}
,"/Users/preto/pasta_Trybe/PROJETOS_TRYBE/TRYBE-PROJETOS/sd-05-recipes-app-3/src/components/Food.jsx": {"lines":{"total":4,"covered":1,"skipped":0,"pct":25},"functions":{"total":1,"covered":0,"skipped":0,"pct":0},"statements":{"total":4,"covered":1,"skipped":0,"pct":25},"branches":{"total":0,"covered":0,"skipped":0,"pct":100}}
,"/Users/preto/pasta_Trybe/PROJETOS_TRYBE/TRYBE-PROJETOS/sd-05-recipes-app-3/src/components/FoodCategories.jsx": {"lines":{"total":17,"covered":0,"skipped":0,"pct":0},"functions":{"total":11,"covered":0,"skipped":0,"pct":0},"statements":{"total":20,"covered":0,"skipped":0,"pct":0},"branches":{"total":10,"covered":0,"skipped":0,"pct":0}}
,"/Users/preto/pasta_Trybe/PROJETOS_TRYBE/TRYBE-PROJETOS/sd-05-recipes-app-3/src/components/Footer.jsx": {"lines":{"total":1,"covered":0,"skipped":0,"pct":0},"functions":{"total":1,"covered":0,"skipped":0,"pct":0},"statements":{"total":1,"covered":0,"skipped":0,"pct":0},"branches":{"total":0,"covered":0,"skipped":0,"pct":100}}
,"/Users/preto/pasta_Trybe/PROJETOS_TRYBE/TRYBE-PROJETOS/sd-05-recipes-app-3/src/components/Header.jsx": {"lines":{"total":7,"covered":1,"skipped":0,"pct":14.29},"functions":{"total":3,"covered":0,"skipped":0,"pct":0},"statements":{"total":7,"covered":1,"skipped":0,"pct":14.29},"branches":{"total":4,"covered":0,"skipped":0,"pct":0}}
,"/Users/preto/pasta_Trybe/PROJETOS_TRYBE/TRYBE-PROJETOS/sd-05-recipes-app-3/src/components/IngredientOngoing.jsx": {"lines":{"total":44,"covered":2,"skipped":0,"pct":4.55},"functions":{"total":11,"covered":0,"skipped":0,"pct":0},"statements":{"total":49,"covered":2,"skipped":0,"pct":4.08},"branches":{"total":26,"covered":0,"skipped":0,"pct":0}}
,"/Users/preto/pasta_Trybe/PROJETOS_TRYBE/TRYBE-PROJETOS/sd-05-recipes-app-3/src/components/RadioInput.jsx": {"lines":{"total":4,"covered":3,"skipped":0,"pct":75},"functions":{"total":1,"covered":0,"skipped":0,"pct":0},"statements":{"total":4,"covered":3,"skipped":0,"pct":75},"branches":{"total":2,"covered":0,"skipped":0,"pct":0}}
,"/Users/preto/pasta_Trybe/PROJETOS_TRYBE/TRYBE-PROJETOS/sd-05-recipes-app-3/src/components/SearchBar.jsx": {"lines":{"total":41,"covered":2,"skipped":0,"pct":4.88},"functions":{"total":13,"covered":0,"skipped":0,"pct":0},"statements":{"total":49,"covered":2,"skipped":0,"pct":4.08},"branches":{"total":32,"covered":0,"skipped":0,"pct":0}}
,"/Users/preto/pasta_Trybe/PROJETOS_TRYBE/TRYBE-PROJETOS/sd-05-recipes-app-3/src/components/SearchBoxInput.jsx": {"lines":{"total":5,"covered":3,"skipped":0,"pct":60},"functions":{"total":2,"covered":0,"skipped":0,"pct":0},"statements":{"total":5,"covered":3,"skipped":0,"pct":60},"branches":{"total":0,"covered":0,"skipped":0,"pct":100}}
,"/Users/preto/pasta_Trybe/PROJETOS_TRYBE/TRYBE-PROJETOS/sd-05-recipes-app-3/src/components/details/CardDetail.jsx": {"lines":{"total":4,"covered":2,"skipped":0,"pct":50},"functions":{"total":1,"covered":0,"skipped":0,"pct":0},"statements":{"total":4,"covered":2,"skipped":0,"pct":50},"branches":{"total":2,"covered":0,"skipped":0,"pct":0}}
,"/Users/preto/pasta_Trybe/PROJETOS_TRYBE/TRYBE-PROJETOS/sd-05-recipes-app-3/src/components/details/CarroselDetails.jsx": {"lines":{"total":11,"covered":0,"skipped":0,"pct":0},"functions":{"total":5,"covered":0,"skipped":0,"pct":0},"statements":{"total":12,"covered":0,"skipped":0,"pct":0},"branches":{"total":4,"covered":0,"skipped":0,"pct":0}}
,"/Users/preto/pasta_Trybe/PROJETOS_TRYBE/TRYBE-PROJETOS/sd-05-recipes-app-3/src/components/details/CarroselDetailsFood.jsx": {"lines":{"total":11,"covered":0,"skipped":0,"pct":0},"functions":{"total":5,"covered":0,"skipped":0,"pct":0},"statements":{"total":12,"covered":0,"skipped":0,"pct":0},"branches":{"total":4,"covered":0,"skipped":0,"pct":0}}
,"/Users/preto/pasta_Trybe/PROJETOS_TRYBE/TRYBE-PROJETOS/sd-05-recipes-app-3/src/components/details/FavoriteButton.jsx": {"lines":{"total":5,"covered":2,"skipped":0,"pct":40},"functions":{"total":2,"covered":0,"skipped":0,"pct":0},"statements":{"total":5,"covered":2,"skipped":0,"pct":40},"branches":{"total":4,"covered":0,"skipped":0,"pct":0}}
,"/Users/preto/pasta_Trybe/PROJETOS_TRYBE/TRYBE-PROJETOS/sd-05-recipes-app-3/src/components/details/FavoriteCard.jsx": {"lines":{"total":16,"covered":2,"skipped":0,"pct":12.5},"functions":{"total":6,"covered":0,"skipped":0,"pct":0},"statements":{"total":19,"covered":2,"skipped":0,"pct":10.53},"branches":{"total":4,"covered":0,"skipped":0,"pct":0}}
,"/Users/preto/pasta_Trybe/PROJETOS_TRYBE/TRYBE-PROJETOS/sd-05-recipes-app-3/src/components/details/FilterByType.jsx": {"lines":{"total":5,"covered":1,"skipped":0,"pct":20},"functions":{"total":4,"covered":0,"skipped":0,"pct":0},"statements":{"total":5,"covered":1,"skipped":0,"pct":20},"branches":{"total":0,"covered":0,"skipped":0,"pct":100}}
,"/Users/preto/pasta_Trybe/PROJETOS_TRYBE/TRYBE-PROJETOS/sd-05-recipes-app-3/src/components/details/FinishRecipeButton.jsx": {"lines":{"total":9,"covered":1,"skipped":0,"pct":11.11},"functions":{"total":3,"covered":0,"skipped":0,"pct":0},"statements":{"total":10,"covered":1,"skipped":0,"pct":10},"branches":{"total":4,"covered":0,"skipped":0,"pct":0}}
,"/Users/preto/pasta_Trybe/PROJETOS_TRYBE/TRYBE-PROJETOS/sd-05-recipes-app-3/src/components/details/ImageDetail.jsx": {"lines":{"total":3,"covered":1,"skipped":0,"pct":33.33},"functions":{"total":1,"covered":0,"skipped":0,"pct":0},"statements":{"total":3,"covered":1,"skipped":0,"pct":33.33},"branches":{"total":0,"covered":0,"skipped":0,"pct":100}}
,"/Users/preto/pasta_Trybe/PROJETOS_TRYBE/TRYBE-PROJETOS/sd-05-recipes-app-3/src/components/details/IngredientDetail.jsx": {"lines":{"total":4,"covered":1,"skipped":0,"pct":25},"functions":{"total":2,"covered":0,"skipped":0,"pct":0},"statements":{"total":4,"covered":1,"skipped":0,"pct":25},"branches":{"total":0,"covered":0,"skipped":0,"pct":100}}
,"/Users/preto/pasta_Trybe/PROJETOS_TRYBE/TRYBE-PROJETOS/sd-05-recipes-app-3/src/components/details/InstructionsDetail.jsx": {"lines":{"total":3,"covered":2,"skipped":0,"pct":66.67},"functions":{"total":1,"covered":0,"skipped":0,"pct":0},"statements":{"total":3,"covered":2,"skipped":0,"pct":66.67},"branches":{"total":0,"covered":0,"skipped":0,"pct":100}}
,"/Users/preto/pasta_Trybe/PROJETOS_TRYBE/TRYBE-PROJETOS/sd-05-recipes-app-3/src/components/details/ShareButton.jsx": {"lines":{"total":12,"covered":1,"skipped":0,"pct":8.33},"functions":{"total":5,"covered":0,"skipped":0,"pct":0},"statements":{"total":12,"covered":1,"skipped":0,"pct":8.33},"branches":{"total":4,"covered":0,"skipped":0,"pct":0}}
,"/Users/preto/pasta_Trybe/PROJETOS_TRYBE/TRYBE-PROJETOS/sd-05-recipes-app-3/src/components/details/StartRecipe.jsx": {"lines":{"total":3,"covered":0,"skipped":0,"pct":0},"functions":{"total":1,"covered":0,"skipped":0,"pct":0},"statements":{"total":3,"covered":0,"skipped":0,"pct":0},"branches":{"total":0,"covered":0,"skipped":0,"pct":100}}
,"/Users/preto/pasta_Trybe/PROJETOS_TRYBE/TRYBE-PROJETOS/sd-05-recipes-app-3/src/components/details/StartRecipeButton.jsx": {"lines":{"total":15,"covered":2,"skipped":0,"pct":13.33},"functions":{"total":3,"covered":0,"skipped":0,"pct":0},"statements":{"total":15,"covered":2,"skipped":0,"pct":13.33},"branches":{"total":16,"covered":0,"skipped":0,"pct":0}}
,"/Users/preto/pasta_Trybe/PROJETOS_TRYBE/TRYBE-PROJETOS/sd-05-recipes-app-3/src/components/details/VideoDetails.jsx": {"lines":{"total":2,"covered":1,"skipped":0,"pct":50},"functions":{"total":1,"covered":0,"skipped":0,"pct":0},"statements":{"total":2,"covered":1,"skipped":0,"pct":50},"branches":{"total":0,"covered":0,"skipped":0,"pct":100}}
,"/Users/preto/pasta_Trybe/PROJETOS_TRYBE/TRYBE-PROJETOS/sd-05-recipes-app-3/src/components/details/recipeconstructor.js": {"lines":{"total":10,"covered":1,"skipped":0,"pct":10},"functions":{"total":7,"covered":0,"skipped":0,"pct":0},"statements":{"total":12,"covered":1,"skipped":0,"pct":8.33},"branches":{"total":4,"covered":0,"skipped":0,"pct":0}}
,"/Users/preto/pasta_Trybe/PROJETOS_TRYBE/TRYBE-PROJETOS/sd-05-recipes-app-3/src/context/FavoriteContext.js": {"lines":{"total":1,"covered":1,"skipped":0,"pct":100},"functions":{"total":0,"covered":0,"skipped":0,"pct":100},"statements":{"total":1,"covered":1,"skipped":0,"pct":100},"branches":{"total":0,"covered":0,"skipped":0,"pct":100}}
,"/Users/preto/pasta_Trybe/PROJETOS_TRYBE/TRYBE-PROJETOS/sd-05-recipes-app-3/src/context/FavoriteProvider.js": {"lines":{"total":19,"covered":0,"skipped":0,"pct":0},"functions":{"total":8,"covered":0,"skipped":0,"pct":0},"statements":{"total":23,"covered":0,"skipped":0,"pct":0},"branches":{"total":10,"covered":0,"skipped":0,"pct":0}}
,"/Users/preto/pasta_Trybe/PROJETOS_TRYBE/TRYBE-PROJETOS/sd-05-recipes-app-3/src/context/RecipeContext.js": {"lines":{"total":1,"covered":1,"skipped":0,"pct":100},"functions":{"total":0,"covered":0,"skipped":0,"pct":100},"statements":{"total":1,"covered":1,"skipped":0,"pct":100},"branches":{"total":0,"covered":0,"skipped":0,"pct":100}}
,"/Users/preto/pasta_Trybe/PROJETOS_TRYBE/TRYBE-PROJETOS/sd-05-recipes-app-3/src/context/RecipeProvider.js": {"lines":{"total":16,"covered":16,"skipped":0,"pct":100},"functions":{"total":1,"covered":1,"skipped":0,"pct":100},"statements":{"total":16,"covered":16,"skipped":0,"pct":100},"branches":{"total":0,"covered":0,"skipped":0,"pct":100}}
,"/Users/preto/pasta_Trybe/PROJETOS_TRYBE/TRYBE-PROJETOS/sd-05-recipes-app-3/src/pages/DoneRecipes.jsx": {"lines":{"total":57,"covered":3,"skipped":0,"pct":5.26},"functions":{"total":17,"covered":0,"skipped":0,"pct":0},"statements":{"total":63,"covered":3,"skipped":0,"pct":4.76},"branches":{"total":21,"covered":0,"skipped":0,"pct":0}}
,"/Users/preto/pasta_Trybe/PROJETOS_TRYBE/TRYBE-PROJETOS/sd-05-recipes-app-3/src/pages/DrinkDetails.jsx": {"lines":{"total":29,"covered":3,"skipped":0,"pct":10.34},"functions":{"total":8,"covered":0,"skipped":0,"pct":0},"statements":{"total":31,"covered":3,"skipped":0,"pct":9.68},"branches":{"total":17,"covered":0,"skipped":0,"pct":0}}
,"/Users/preto/pasta_Trybe/PROJETOS_TRYBE/TRYBE-PROJETOS/sd-05-recipes-app-3/src/pages/Explore.jsx": {"lines":{"total":1,"covered":0,"skipped":0,"pct":0},"functions":{"total":1,"covered":0,"skipped":0,"pct":0},"statements":{"total":1,"covered":0,"skipped":0,"pct":0},"branches":{"total":0,"covered":0,"skipped":0,"pct":100}}
,"/Users/preto/pasta_Trybe/PROJETOS_TRYBE/TRYBE-PROJETOS/sd-05-recipes-app-3/src/pages/ExploreDrink.jsx": {"lines":{"total":10,"covered":0,"skipped":0,"pct":0},"functions":{"total":5,"covered":0,"skipped":0,"pct":0},"statements":{"total":10,"covered":0,"skipped":0,"pct":0},"branches":{"total":6,"covered":0,"skipped":0,"pct":0}}
,"/Users/preto/pasta_Trybe/PROJETOS_TRYBE/TRYBE-PROJETOS/sd-05-recipes-app-3/src/pages/ExploreDrinkIngredient.jsx": {"lines":{"total":17,"covered":0,"skipped":0,"pct":0},"functions":{"total":9,"covered":0,"skipped":0,"pct":0},"statements":{"total":17,"covered":0,"skipped":0,"pct":0},"branches":{"total":6,"covered":0,"skipped":0,"pct":0}}
,"/Users/preto/pasta_Trybe/PROJETOS_TRYBE/TRYBE-PROJETOS/sd-05-recipes-app-3/src/pages/ExploreFood.jsx": {"lines":{"total":10,"covered":0,"skipped":0,"pct":0},"functions":{"total":5,"covered":0,"skipped":0,"pct":0},"statements":{"total":10,"covered":0,"skipped":0,"pct":0},"branches":{"total":6,"covered":0,"skipped":0,"pct":0}}
,"/Users/preto/pasta_Trybe/PROJETOS_TRYBE/TRYBE-PROJETOS/sd-05-recipes-app-3/src/pages/ExploreFoodIngredient.jsx": {"lines":{"total":17,"covered":0,"skipped":0,"pct":0},"functions":{"total":9,"covered":0,"skipped":0,"pct":0},"statements":{"total":17,"covered":0,"skipped":0,"pct":0},"branches":{"total":6,"covered":0,"skipped":0,"pct":0}}
,"/Users/preto/pasta_Trybe/PROJETOS_TRYBE/TRYBE-PROJETOS/sd-05-recipes-app-3/src/pages/ExploreFoodOrigin.jsx": {"lines":{"total":27,"covered":0,"skipped":0,"pct":0},"functions":{"total":15,"covered":0,"skipped":0,"pct":0},"statements":{"total":27,"covered":0,"skipped":0,"pct":0},"branches":{"total":6,"covered":0,"skipped":0,"pct":0}}
,"/Users/preto/pasta_Trybe/PROJETOS_TRYBE/TRYBE-PROJETOS/sd-05-recipes-app-3/src/pages/FavoriteRecipes.jsx": {"lines":{"total":16,"covered":1,"skipped":0,"pct":6.25},"functions":{"total":7,"covered":0,"skipped":0,"pct":0},"statements":{"total":17,"covered":1,"skipped":0,"pct":5.88},"branches":{"total":9,"covered":0,"skipped":0,"pct":0}}
,"/Users/preto/pasta_Trybe/PROJETOS_TRYBE/TRYBE-PROJETOS/sd-05-recipes-app-3/src/pages/FoodDetails.jsx": {"lines":{"total":30,"covered":3,"skipped":0,"pct":10},"functions":{"total":8,"covered":0,"skipped":0,"pct":0},"statements":{"total":32,"covered":3,"skipped":0,"pct":9.38},"branches":{"total":17,"covered":0,"skipped":0,"pct":0}}
,"/Users/preto/pasta_Trybe/PROJETOS_TRYBE/TRYBE-PROJETOS/sd-05-recipes-app-3/src/pages/Login.jsx": {"lines":{"total":24,"covered":24,"skipped":0,"pct":100},"functions":{"total":11,"covered":11,"skipped":0,"pct":100},"statements":{"total":26,"covered":26,"skipped":0,"pct":100},"branches":{"total":6,"covered":6,"skipped":0,"pct":100}}
,"/Users/preto/pasta_Trybe/PROJETOS_TRYBE/TRYBE-PROJETOS/sd-05-recipes-app-3/src/pages/MainDrink.jsx": {"lines":{"total":12,"covered":0,"skipped":0,"pct":0},"functions":{"total":5,"covered":0,"skipped":0,"pct":0},"statements":{"total":12,"covered":0,"skipped":0,"pct":0},"branches":{"total":10,"covered":0,"skipped":0,"pct":0}}
,"/Users/preto/pasta_Trybe/PROJETOS_TRYBE/TRYBE-PROJETOS/sd-05-recipes-app-3/src/pages/MainFood.jsx": {"lines":{"total":12,"covered":0,"skipped":0,"pct":0},"functions":{"total":5,"covered":0,"skipped":0,"pct":0},"statements":{"total":12,"covered":0,"skipped":0,"pct":0},"branches":{"total":13,"covered":0,"skipped":0,"pct":0}}
,"/Users/preto/pasta_Trybe/PROJETOS_TRYBE/TRYBE-PROJETOS/sd-05-recipes-app-3/src/pages/NotFound.jsx": {"lines":{"total":1,"covered":0,"skipped":0,"pct":0},"functions":{"total":1,"covered":0,"skipped":0,"pct":0},"statements":{"total":1,"covered":0,"skipped":0,"pct":0},"branches":{"total":0,"covered":0,"skipped":0,"pct":100}}
,"/Users/preto/pasta_Trybe/PROJETOS_TRYBE/TRYBE-PROJETOS/sd-05-recipes-app-3/src/pages/OngoingRecipe.jsx": {"lines":{"total":34,"covered":1,"skipped":0,"pct":2.94},"functions":{"total":9,"covered":0,"skipped":0,"pct":0},"statements":{"total":38,"covered":1,"skipped":0,"pct":2.63},"branches":{"total":26,"covered":0,"skipped":0,"pct":0}}
,"/Users/preto/pasta_Trybe/PROJETOS_TRYBE/TRYBE-PROJETOS/sd-05-recipes-app-3/src/pages/Profile.jsx": {"lines":{"total":5,"covered":0,"skipped":0,"pct":0},"functions":{"total":3,"covered":0,"skipped":0,"pct":0},"statements":{"total":6,"covered":0,"skipped":0,"pct":0},"branches":{"total":2,"covered":0,"skipped":0,"pct":0}}
,"/Users/preto/pasta_Trybe/PROJETOS_TRYBE/TRYBE-PROJETOS/sd-05-recipes-app-3/src/service/apis.js": {"lines":{"total":88,"covered":22,"skipped":0,"pct":25},"functions":{"total":66,"covered":0,"skipped":0,"pct":0},"statements":{"total":88,"covered":22,"skipped":0,"pct":25},"branches":{"total":56,"covered":0,"skipped":0,"pct":0}}
,"/Users/preto/pasta_Trybe/PROJETOS_TRYBE/TRYBE-PROJETOS/sd-05-recipes-app-3/src/service/renderwithrouter.js": {"lines":{"total":3,"covered":3,"skipped":0,"pct":100},"functions":{"total":1,"covered":1,"skipped":0,"pct":100},"statements":{"total":3,"covered":3,"skipped":0,"pct":100},"branches":{"total":0,"covered":0,"skipped":0,"pct":100}}
}
