{
  "stats": {
    "suites": 5,
    "tests": 9,
    "passes": 9,
    "pending": 0,
    "failures": 0,
    "start": "2020-09-26T02:02:07.621Z",
    "end": "2020-09-26T02:02:19.125Z",
    "duration": 11504,
    "testsRegistered": 9,
    "passPercent": 100,
    "pendingPercent": 0,
    "other": 0,
    "hasOther": false,
    "skipped": 0,
    "hasSkipped": false
  },
  "results": [
    {
      "uuid": "8cc2446b-2f98-4061-926f-2f9f472bddb1",
      "title": "",
      "fullFile": "cypress/integration/explore_drinks_or_meals_spec.js",
      "file": "cypress/integration/explore_drinks_or_meals_spec.js",
      "beforeHooks": [],
      "afterHooks": [],
      "tests": [],
      "suites": [
        {
          "uuid": "51c7d5cf-a8b8-42e8-86b0-6bca77240bb1",
          "title": "Todos os elementos devem respeitar os atributos descritos no protótipo para a tela de explorar bebidas ou comidas",
          "fullFile": "",
          "file": "",
          "beforeHooks": [],
          "afterHooks": [],
          "tests": [
            {
              "title": "Tem os data-testids corretos para a tela de explorar comidas",
              "fullTitle": "Todos os elementos devem respeitar os atributos descritos no protótipo para a tela de explorar bebidas ou comidas Tem os data-testids corretos para a tela de explorar comidas",
              "timedOut": null,
              "duration": 1553,
              "state": "passed",
              "speed": "slow",
              "pass": true,
              "fail": false,
              "pending": false,
              "context": null,
              "code": "cy.visit('http://localhost:3000/explorar/comidas');\ncy.get('[data-testid=\"explore-by-ingredient\"]');\ncy.get('[data-testid=\"explore-by-area\"]');\ncy.get('[data-testid=\"explore-surprise\"]');",
              "err": {},
              "uuid": "e57e2de1-3f44-4258-b51b-068e41d04042",
              "parentUUID": "51c7d5cf-a8b8-42e8-86b0-6bca77240bb1",
              "isHook": false,
              "skipped": false
            },
            {
              "title": "Tem os data-testids corretos para a tela de explorar bebidas",
              "fullTitle": "Todos os elementos devem respeitar os atributos descritos no protótipo para a tela de explorar bebidas ou comidas Tem os data-testids corretos para a tela de explorar bebidas",
              "timedOut": null,
              "duration": 551,
              "state": "passed",
              "speed": "slow",
              "pass": true,
              "fail": false,
              "pending": false,
              "context": null,
              "code": "cy.visit('http://localhost:3000/explorar/bebidas');\ncy.get('[data-testid=\"explore-by-ingredient\"]');\ncy.get('[data-testid=\"explore-by-area\"]').should('not.exist');\ncy.get('[data-testid=\"explore-surprise\"]');",
              "err": {},
              "uuid": "e9cbfd31-a2a2-442c-8a5a-94a3200864b5",
              "parentUUID": "51c7d5cf-a8b8-42e8-86b0-6bca77240bb1",
              "isHook": false,
              "skipped": false
            }
          ],
          "suites": [],
          "passes": [
            "e57e2de1-3f44-4258-b51b-068e41d04042",
            "e9cbfd31-a2a2-442c-8a5a-94a3200864b5"
          ],
          "failures": [],
          "pending": [],
          "skipped": [],
          "duration": 2104,
          "root": false,
          "rootEmpty": false,
          "_timeout": 2000
        },
        {
          "uuid": "1179899b-e723-46b1-b0bc-f106101076e7",
          "title": "A tela deve ter três botões: um para explorar por ingrediente, um para explorar por local de origem e um para pegar uma receita aleatória",
          "fullFile": "",
          "file": "",
          "beforeHooks": [],
          "afterHooks": [],
          "tests": [
            {
              "title": "Tem os botões \"Por Ingredientes\", \"Por Local de Origem\" e \"Me Surpreenda!\" para a tela de explorar comidas",
              "fullTitle": "A tela deve ter três botões: um para explorar por ingrediente, um para explorar por local de origem e um para pegar uma receita aleatória Tem os botões \"Por Ingredientes\", \"Por Local de Origem\" e \"Me Surpreenda!\" para a tela de explorar comidas",
              "timedOut": null,
              "duration": 423,
              "state": "passed",
              "speed": "slow",
              "pass": true,
              "fail": false,
              "pending": false,
              "context": null,
              "code": "cy.visit('http://localhost:3000/explorar/comidas');\ncy.get('[data-testid=\"explore-by-ingredient\"]').contains('Por Ingredientes');\ncy.get('[data-testid=\"explore-by-area\"]').contains('Por Local de Origem');\ncy.get('[data-testid=\"explore-surprise\"]').contains('Me Surpreenda!');",
              "err": {},
              "uuid": "6120a066-8e28-400d-8b9e-73fdebb17738",
              "parentUUID": "1179899b-e723-46b1-b0bc-f106101076e7",
              "isHook": false,
              "skipped": false
            },
            {
              "title": "Tem apenas os botões \"Por Ingredientes\" e \"Me Surpreenda!\" para a tela de explorar bebidas",
              "fullTitle": "A tela deve ter três botões: um para explorar por ingrediente, um para explorar por local de origem e um para pegar uma receita aleatória Tem apenas os botões \"Por Ingredientes\" e \"Me Surpreenda!\" para a tela de explorar bebidas",
              "timedOut": null,
              "duration": 387,
              "state": "passed",
              "speed": "slow",
              "pass": true,
              "fail": false,
              "pending": false,
              "context": null,
              "code": "cy.visit('http://localhost:3000/explorar/bebidas');\ncy.get('[data-testid=\"explore-by-ingredient\"]').contains('Por Ingredientes');\ncy.get('[data-testid=\"explore-by-area\"]').should('not.exist');\ncy.get('[data-testid=\"explore-surprise\"]').contains('Me Surpreenda!');",
              "err": {},
              "uuid": "9c1d7bea-425c-451e-a678-0228372bf967",
              "parentUUID": "1179899b-e723-46b1-b0bc-f106101076e7",
              "isHook": false,
              "skipped": false
            }
          ],
          "suites": [],
          "passes": [
            "6120a066-8e28-400d-8b9e-73fdebb17738",
            "9c1d7bea-425c-451e-a678-0228372bf967"
          ],
          "failures": [],
          "pending": [],
          "skipped": [],
          "duration": 810,
          "root": false,
          "rootEmpty": false,
          "_timeout": 2000
        },
        {
          "uuid": "f25326fc-e088-4ed1-93d3-26c85b7d1da9",
          "title": "Ao clicar em \"Por Ingredientes\", a rota deve mudar para tela de explorar ingredientes",
          "fullFile": "",
          "file": "",
          "beforeHooks": [],
          "afterHooks": [],
          "tests": [
            {
              "title": "Ao clicar no botão \"Por Ingredientes\" da tela de explorar comidas a rota muda para a página de explorar comidas por ingrediente",
              "fullTitle": "Ao clicar em \"Por Ingredientes\", a rota deve mudar para tela de explorar ingredientes Ao clicar no botão \"Por Ingredientes\" da tela de explorar comidas a rota muda para a página de explorar comidas por ingrediente",
              "timedOut": null,
              "duration": 549,
              "state": "passed",
              "speed": "slow",
              "pass": true,
              "fail": false,
              "pending": false,
              "context": null,
              "code": "cy.visit('http://localhost:3000/explorar/comidas');\ncy.get('[data-testid=\"explore-by-ingredient\"]').click();\ncy.location().should(function (loc) {\n  return expect(loc.pathname).to.eq('/explorar/comidas/ingredientes');\n});",
              "err": {},
              "uuid": "f9e8f469-0c20-4a0d-8bc9-7c5762490c12",
              "parentUUID": "f25326fc-e088-4ed1-93d3-26c85b7d1da9",
              "isHook": false,
              "skipped": false
            },
            {
              "title": "Ao clicar no botão \"Explorar Bebidas\" da tela de explorar bebidas a rota muda para a página de explorar bebidas por ingrediente",
              "fullTitle": "Ao clicar em \"Por Ingredientes\", a rota deve mudar para tela de explorar ingredientes Ao clicar no botão \"Explorar Bebidas\" da tela de explorar bebidas a rota muda para a página de explorar bebidas por ingrediente",
              "timedOut": null,
              "duration": 789,
              "state": "passed",
              "speed": "slow",
              "pass": true,
              "fail": false,
              "pending": false,
              "context": null,
              "code": "cy.visit('http://localhost:3000/explorar/bebidas');\ncy.get('[data-testid=\"explore-by-ingredient\"]').click();\ncy.location().should(function (loc) {\n  return expect(loc.pathname).to.eq('/explorar/bebidas/ingredientes');\n});",
              "err": {},
              "uuid": "8b9d17b3-78ba-4c53-ac1e-140af12a8485",
              "parentUUID": "f25326fc-e088-4ed1-93d3-26c85b7d1da9",
              "isHook": false,
              "skipped": false
            }
          ],
          "suites": [],
          "passes": [
            "f9e8f469-0c20-4a0d-8bc9-7c5762490c12",
            "8b9d17b3-78ba-4c53-ac1e-140af12a8485"
          ],
          "failures": [],
          "pending": [],
          "skipped": [],
          "duration": 1338,
          "root": false,
          "rootEmpty": false,
          "_timeout": 2000
        },
        {
          "uuid": "50e5c69c-b111-4dbe-bf5d-623c9cf77298",
          "title": "Ao clicar em \"Por Local de Origem\", a rota deve mudar para tela de explorar por local de origem",
          "fullFile": "",
          "file": "",
          "beforeHooks": [],
          "afterHooks": [],
          "tests": [
            {
              "title": "A rota deve mudar para tela de explorar por local de origem",
              "fullTitle": "Ao clicar em \"Por Local de Origem\", a rota deve mudar para tela de explorar por local de origem A rota deve mudar para tela de explorar por local de origem",
              "timedOut": null,
              "duration": 501,
              "state": "passed",
              "speed": "slow",
              "pass": true,
              "fail": false,
              "pending": false,
              "context": null,
              "code": "cy.visit('http://localhost:3000/explorar/comidas');\ncy.get('[data-testid=\"explore-by-area\"]').click();\ncy.location().should(function (loc) {\n  return expect(loc.pathname).to.eq('/explorar/comidas/area');\n});",
              "err": {},
              "uuid": "0503e04a-6faa-4877-b668-b5862234e4cc",
              "parentUUID": "50e5c69c-b111-4dbe-bf5d-623c9cf77298",
              "isHook": false,
              "skipped": false
            }
          ],
          "suites": [],
          "passes": [
            "0503e04a-6faa-4877-b668-b5862234e4cc"
          ],
          "failures": [],
          "pending": [],
          "skipped": [],
          "duration": 501,
          "root": false,
          "rootEmpty": false,
          "_timeout": 2000
        },
        {
          "uuid": "96f7919b-3055-4b73-a728-3e221db2bff9",
          "title": "Ao clicar em \"Me Surpreenda!\", a rota deve mudar para a tela de detalhes de uma receita, que deve ser escolhida de forma aleatória",
          "fullFile": "",
          "file": "",
          "beforeHooks": [],
          "afterHooks": [],
          "tests": [
            {
              "title": "Ao clicar no botão \"Por Ingredientes\" da tela de explorar comidas a rota muda para a página de detalhes de uma comida aleatória",
              "fullTitle": "Ao clicar em \"Me Surpreenda!\", a rota deve mudar para a tela de detalhes de uma receita, que deve ser escolhida de forma aleatória Ao clicar no botão \"Por Ingredientes\" da tela de explorar comidas a rota muda para a página de detalhes de uma comida aleatória",
              "timedOut": null,
              "duration": 3116,
              "state": "passed",
              "speed": "slow",
              "pass": true,
              "fail": false,
              "pending": false,
              "context": null,
              "code": "cy.visit('http://localhost:3000/explorar/comidas', {\n  onBeforeLoad: function onBeforeLoad(win) {\n    win.fetch = fetchMock;\n  }\n});\ncy.get('[data-testid=\"explore-surprise\"]').click();\ncy.location().should(function (loc) {\n  return expect(loc.pathname).to.eq('/comidas/52771');\n});",
              "err": {},
              "uuid": "732dca96-78fc-4313-9687-c3fcc746c715",
              "parentUUID": "96f7919b-3055-4b73-a728-3e221db2bff9",
              "isHook": false,
              "skipped": false
            },
            {
              "title": "Ao clicar no botão \"Explorar Bebidas\" da tela de explorar bebidas a rota muda para a página de detalhes de uma bebida aleatória",
              "fullTitle": "Ao clicar em \"Me Surpreenda!\", a rota deve mudar para a tela de detalhes de uma receita, que deve ser escolhida de forma aleatória Ao clicar no botão \"Explorar Bebidas\" da tela de explorar bebidas a rota muda para a página de detalhes de uma bebida aleatória",
              "timedOut": null,
              "duration": 462,
              "state": "passed",
              "speed": "slow",
              "pass": true,
              "fail": false,
              "pending": false,
              "context": null,
              "code": "cy.visit('http://localhost:3000/explorar/bebidas', {\n  onBeforeLoad: function onBeforeLoad(win) {\n    win.fetch = fetchMock;\n  }\n});\ncy.get('[data-testid=\"explore-surprise\"]').click();\ncy.location().should(function (loc) {\n  return expect(loc.pathname).to.eq('/bebidas/178319');\n});",
              "err": {},
              "uuid": "9b7e7a7b-03cf-411c-bb9d-84dfe234cee5",
              "parentUUID": "96f7919b-3055-4b73-a728-3e221db2bff9",
              "isHook": false,
              "skipped": false
            }
          ],
          "suites": [],
          "passes": [
            "732dca96-78fc-4313-9687-c3fcc746c715",
            "9b7e7a7b-03cf-411c-bb9d-84dfe234cee5"
          ],
          "failures": [],
          "pending": [],
          "skipped": [],
          "duration": 3578,
          "root": false,
          "rootEmpty": false,
          "_timeout": 2000
        }
      ],
      "passes": [],
      "failures": [],
      "pending": [],
      "skipped": [],
      "duration": 0,
      "root": true,
      "rootEmpty": true,
      "_timeout": 2000
    }
  ],
  "meta": {
    "mocha": {
      "version": "8.1.3"
    },
    "mochawesome": {
      "options": {
        "quiet": false,
        "reportFilename": "mochawesome",
        "saveHtml": false,
        "saveJson": true,
        "consoleReporter": "spec",
        "useInlineDiffs": false,
        "code": true
      },
      "version": "6.1.1"
    },
    "marge": {
      "options": {
        "id": "default",
        "reportDir": "cypress/reports",
        "overwrite": false,
        "html": false,
        "json": true
      },
      "version": "5.1.0"
    }
  }
}