{
  "stats": {
    "suites": 8,
    "tests": 12,
    "passes": 12,
    "pending": 0,
    "failures": 0,
    "start": "2020-09-23T14:10:03.757Z",
    "end": "2020-09-23T14:10:18.235Z",
    "duration": 14478,
    "testsRegistered": 12,
    "passPercent": 100,
    "pendingPercent": 0,
    "other": 0,
    "hasOther": false,
    "skipped": 0,
    "hasSkipped": false
  },
  "results": [
    {
      "uuid": "f6435de2-c21a-4b4c-bcab-ca5f63ee0767",
      "title": "",
      "fullFile": "cypress/integration/favorite_recipes_spec.js",
      "file": "cypress/integration/favorite_recipes_spec.js",
      "beforeHooks": [],
      "afterHooks": [],
      "tests": [],
      "suites": [
        {
          "uuid": "6aaf4d5f-277d-4638-817c-b00288431bb9",
          "title": "Favorite recipes screen",
          "fullFile": "",
          "file": "",
          "beforeHooks": [],
          "afterHooks": [],
          "tests": [],
          "suites": [
            {
              "uuid": "9a993b2b-00f0-4b74-bb2c-ee67bc8ccf78",
              "title": "Todos os elementos devem respeitar os atributos descritos no protótipo para a tela de receitas favoritas",
              "fullFile": "",
              "file": "",
              "beforeHooks": [],
              "afterHooks": [],
              "tests": [
                {
                  "title": "Todos os data-testids, cumulativo com os atributos em comum com a tela de receitas feitas, estão disponíveis",
                  "fullTitle": "Favorite recipes screen Todos os elementos devem respeitar os atributos descritos no protótipo para a tela de receitas favoritas Todos os data-testids, cumulativo com os atributos em comum com a tela de receitas feitas, estão disponíveis",
                  "timedOut": null,
                  "duration": 3624,
                  "state": "passed",
                  "speed": "slow",
                  "pass": true,
                  "fail": false,
                  "pending": false,
                  "context": null,
                  "code": "cy.get('[data-testid=\"filter-by-all-btn\"]');\ncy.get('[data-testid=\"filter-by-food-btn\"]');\ncy.get('[data-testid=\"filter-by-drink-btn\"]');\ncy.get('[data-testid=\"0-horizontal-image\"]');\ncy.get('[data-testid=\"0-horizontal-top-text\"]');\ncy.get('[data-testid=\"0-horizontal-name\"]');\ncy.get('[data-testid=\"0-horizontal-share-btn\"]');\ncy.get('[data-testid=\"0-horizontal-favorite-btn\"]');\ncy.get('[data-testid=\"1-horizontal-image\"]');\ncy.get('[data-testid=\"1-horizontal-top-text\"]');\ncy.get('[data-testid=\"1-horizontal-name\"]');\ncy.get('[data-testid=\"1-horizontal-share-btn\"]');\ncy.get('[data-testid=\"1-horizontal-favorite-btn\"]');",
                  "err": {},
                  "uuid": "78be7e8c-79e1-426e-b384-83668eb1ef96",
                  "parentUUID": "9a993b2b-00f0-4b74-bb2c-ee67bc8ccf78",
                  "isHook": false,
                  "skipped": false
                }
              ],
              "suites": [],
              "passes": [
                "78be7e8c-79e1-426e-b384-83668eb1ef96"
              ],
              "failures": [],
              "pending": [],
              "skipped": [],
              "duration": 3624,
              "root": false,
              "rootEmpty": false,
              "_timeout": 2000
            },
            {
              "uuid": "061fe599-a02e-4f0f-bfa6-501c14d0f977",
              "title": "Caso a receita do card seja uma comida, ela deve possuir: a foto da receita, o nome, a categoria, a area, um botão de compartilhar e um de \"desfavoritar\"",
              "fullFile": "",
              "file": "",
              "beforeHooks": [],
              "afterHooks": [],
              "tests": [
                {
                  "title": "O card possui os atributos corretos de uma comida",
                  "fullTitle": "Favorite recipes screen Caso a receita do card seja uma comida, ela deve possuir: a foto da receita, o nome, a categoria, a area, um botão de compartilhar e um de \"desfavoritar\" O card possui os atributos corretos de uma comida",
                  "timedOut": null,
                  "duration": 626,
                  "state": "passed",
                  "speed": "slow",
                  "pass": true,
                  "fail": false,
                  "pending": false,
                  "context": null,
                  "code": "cy.get('[data-testid=\"0-horizontal-image\"]').should('have.attr', 'src').should('include', favoriteRecipes[0].image);\ncy.get('[data-testid=\"0-horizontal-top-text\"]').contains(\"\".concat(favoriteRecipes[0].area, \" - \").concat(favoriteRecipes[0].category));\ncy.get('[data-testid=\"0-horizontal-name\"]').contains(favoriteRecipes[0].name);\ncy.get('[data-testid=\"0-horizontal-share-btn\"]').should('have.attr', 'src').should('include', 'shareIcon');\ncy.get('[data-testid=\"0-horizontal-favorite-btn\"]').should('have.attr', 'src').should('include', 'blackHeartIcon');",
                  "err": {},
                  "uuid": "17fb9dfe-ceeb-466c-ac05-46b2fdc08033",
                  "parentUUID": "061fe599-a02e-4f0f-bfa6-501c14d0f977",
                  "isHook": false,
                  "skipped": false
                }
              ],
              "suites": [],
              "passes": [
                "17fb9dfe-ceeb-466c-ac05-46b2fdc08033"
              ],
              "failures": [],
              "pending": [],
              "skipped": [],
              "duration": 626,
              "root": false,
              "rootEmpty": false,
              "_timeout": 2000
            },
            {
              "uuid": "72c026e7-2644-409b-9fe9-6adddad4232c",
              "title": "Caso a receita do card seja uma bebida, ela deve possuir: a foto da receita, o nome, se é alcoólica ou não, um botão de compartilhar e um de \"desfavoritar\"",
              "fullFile": "",
              "file": "",
              "beforeHooks": [],
              "afterHooks": [],
              "tests": [
                {
                  "title": "O card possui os atributos corretos de uma bebida",
                  "fullTitle": "Favorite recipes screen Caso a receita do card seja uma bebida, ela deve possuir: a foto da receita, o nome, se é alcoólica ou não, um botão de compartilhar e um de \"desfavoritar\" O card possui os atributos corretos de uma bebida",
                  "timedOut": null,
                  "duration": 516,
                  "state": "passed",
                  "speed": "slow",
                  "pass": true,
                  "fail": false,
                  "pending": false,
                  "context": null,
                  "code": "cy.get('[data-testid=\"1-horizontal-image\"]').should('have.attr', 'src').should('include', favoriteRecipes[1].image);\ncy.get('[data-testid=\"1-horizontal-top-text\"]').contains(favoriteRecipes[1].alcoholicOrNot);\ncy.get('[data-testid=\"1-horizontal-name\"]').contains(favoriteRecipes[1].name);\ncy.get('[data-testid=\"1-horizontal-share-btn\"]').should('have.attr', 'src').should('include', 'shareIcon');\ncy.get('[data-testid=\"1-horizontal-favorite-btn\"]').should('have.attr', 'src').should('include', 'blackHeartIcon');",
                  "err": {},
                  "uuid": "f1da7d2f-4b5b-4321-afa7-155e0bb74880",
                  "parentUUID": "72c026e7-2644-409b-9fe9-6adddad4232c",
                  "isHook": false,
                  "skipped": false
                }
              ],
              "suites": [],
              "passes": [
                "f1da7d2f-4b5b-4321-afa7-155e0bb74880"
              ],
              "failures": [],
              "pending": [],
              "skipped": [],
              "duration": 516,
              "root": false,
              "rootEmpty": false,
              "_timeout": 2000
            },
            {
              "uuid": "7e0c78f9-4457-4175-b80f-b902fadfce38",
              "title": "O botão de compartilhar deve copiar a URL da tela de detalhes da receita para o clipboard",
              "fullFile": "",
              "file": "",
              "beforeHooks": [],
              "afterHooks": [],
              "tests": [
                {
                  "title": "Ao clicar no botão de compartilhar deve aparecer a mensagem \"Link copiado!\"",
                  "fullTitle": "Favorite recipes screen O botão de compartilhar deve copiar a URL da tela de detalhes da receita para o clipboard Ao clicar no botão de compartilhar deve aparecer a mensagem \"Link copiado!\"",
                  "timedOut": null,
                  "duration": 604,
                  "state": "passed",
                  "speed": "slow",
                  "pass": true,
                  "fail": false,
                  "pending": false,
                  "context": null,
                  "code": "cy.get('[data-testid=\"0-horizontal-share-btn\"]').click();\ncy.contains('Link copiado!');",
                  "err": {},
                  "uuid": "5208613c-2c76-4dd9-8429-73bf6b721250",
                  "parentUUID": "7e0c78f9-4457-4175-b80f-b902fadfce38",
                  "isHook": false,
                  "skipped": false
                },
                {
                  "title": "A URL da tela de detalhes da receita é copiada para o clipboard",
                  "fullTitle": "Favorite recipes screen O botão de compartilhar deve copiar a URL da tela de detalhes da receita para o clipboard A URL da tela de detalhes da receita é copiada para o clipboard",
                  "timedOut": null,
                  "duration": 576,
                  "state": "passed",
                  "speed": "slow",
                  "pass": true,
                  "fail": false,
                  "pending": false,
                  "context": null,
                  "code": "cy.get('[data-testid=\"0-horizontal-share-btn\"]').click();\ncy.window().then(function (win) {\n  cy.wrap(win.navigator.clipboard.readText()).should('eq', 'http://localhost:3000/comidas/52771');\n});",
                  "err": {},
                  "uuid": "d5f2bc76-5baa-4cac-8ec5-7cdf8deddb6b",
                  "parentUUID": "7e0c78f9-4457-4175-b80f-b902fadfce38",
                  "isHook": false,
                  "skipped": false
                }
              ],
              "suites": [],
              "passes": [
                "5208613c-2c76-4dd9-8429-73bf6b721250",
                "d5f2bc76-5baa-4cac-8ec5-7cdf8deddb6b"
              ],
              "failures": [],
              "pending": [],
              "skipped": [],
              "duration": 1180,
              "root": false,
              "rootEmpty": false,
              "_timeout": 2000
            },
            {
              "uuid": "97fde9e6-41d4-4f05-886b-76f71b813cdf",
              "title": "O botão de \"desfavoritar\" deve remover a receita da lista de receitas favoritas do localStorage e da tela",
              "fullFile": "",
              "file": "",
              "beforeHooks": [],
              "afterHooks": [],
              "tests": [
                {
                  "title": "Ao clicar no botão de \"desfavoritar\" a respectiva receita é removida da tela",
                  "fullTitle": "Favorite recipes screen O botão de \"desfavoritar\" deve remover a receita da lista de receitas favoritas do localStorage e da tela Ao clicar no botão de \"desfavoritar\" a respectiva receita é removida da tela",
                  "timedOut": null,
                  "duration": 842,
                  "state": "passed",
                  "speed": "slow",
                  "pass": true,
                  "fail": false,
                  "pending": false,
                  "context": null,
                  "code": "cy.get('[data-testid=\"0-horizontal-name\"]').contains(favoriteRecipes[0].name);\ncy.get('[data-testid=\"1-horizontal-name\"]').contains(favoriteRecipes[1].name);\ncy.get('[data-testid=\"1-horizontal-favorite-btn\"]').click();\ncy.get('[data-testid=\"0-horizontal-name\"]').contains(favoriteRecipes[0].name);\ncy.get('[data-testid=\"1-horizontal-name\"]').should('not.exist');\ncy.get('[data-testid=\"0-horizontal-favorite-btn\"]').click();\ncy.get('[data-testid=\"0-horizontal-name\"]').should('not.exist');\ncy.get('[data-testid=\"1-horizontal-name\"]').should('not.exist');",
                  "err": {},
                  "uuid": "f815dd67-850e-4683-9efb-44a7de6b3c7c",
                  "parentUUID": "97fde9e6-41d4-4f05-886b-76f71b813cdf",
                  "isHook": false,
                  "skipped": false
                },
                {
                  "title": "Ao clicar no botão de \"desfavoritar\" a respectiva receita é removida do localStorage",
                  "fullTitle": "Favorite recipes screen O botão de \"desfavoritar\" deve remover a receita da lista de receitas favoritas do localStorage e da tela Ao clicar no botão de \"desfavoritar\" a respectiva receita é removida do localStorage",
                  "timedOut": null,
                  "duration": 809,
                  "state": "passed",
                  "speed": "slow",
                  "pass": true,
                  "fail": false,
                  "pending": false,
                  "context": null,
                  "code": "cy.window().then(function (win) {\n  expect(JSON.parse(win.localStorage.getItem('favoriteRecipes'))).to.deep.eq(favoriteRecipes);\n});\ncy.get('[data-testid=\"1-horizontal-favorite-btn\"]').click();\ncy.window().then(function (win) {\n  expect(JSON.parse(win.localStorage.getItem('favoriteRecipes'))).to.deep.eq([favoriteRecipes[0]]);\n});\ncy.get('[data-testid=\"0-horizontal-favorite-btn\"]').click();\ncy.window().then(function (win) {\n  expect(JSON.parse(win.localStorage.getItem('favoriteRecipes'))).to.deep.eq([]);\n});",
                  "err": {},
                  "uuid": "7d41774d-6247-4f94-bf76-876c8f1f4e8c",
                  "parentUUID": "97fde9e6-41d4-4f05-886b-76f71b813cdf",
                  "isHook": false,
                  "skipped": false
                }
              ],
              "suites": [],
              "passes": [
                "f815dd67-850e-4683-9efb-44a7de6b3c7c",
                "7d41774d-6247-4f94-bf76-876c8f1f4e8c"
              ],
              "failures": [],
              "pending": [],
              "skipped": [],
              "duration": 1651,
              "root": false,
              "rootEmpty": false,
              "_timeout": 2000
            },
            {
              "uuid": "33b62b7d-ce43-42a8-a185-ee23e375212b",
              "title": "Devem existir 2 botões que filtram as receitas por comida ou bebida e um terceiro que remove todos os filtros",
              "fullFile": "",
              "file": "",
              "beforeHooks": [],
              "afterHooks": [],
              "tests": [
                {
                  "title": "Ao clicar no botão \"Food\" as receitas devem ser filtradas por comidas",
                  "fullTitle": "Favorite recipes screen Devem existir 2 botões que filtram as receitas por comida ou bebida e um terceiro que remove todos os filtros Ao clicar no botão \"Food\" as receitas devem ser filtradas por comidas",
                  "timedOut": null,
                  "duration": 704,
                  "state": "passed",
                  "speed": "slow",
                  "pass": true,
                  "fail": false,
                  "pending": false,
                  "context": null,
                  "code": "cy.get('[data-testid=\"filter-by-food-btn\"]').click();\ncy.get('[data-testid=\"0-horizontal-name\"]').contains(favoriteRecipes[0].name);\ncy.get('[data-testid=\"1-horizontal-name\"]').should('not.exist');",
                  "err": {},
                  "uuid": "5eefaef1-4a59-4ad7-bc01-50ec47eed496",
                  "parentUUID": "33b62b7d-ce43-42a8-a185-ee23e375212b",
                  "isHook": false,
                  "skipped": false
                },
                {
                  "title": "Ao clicar no botão \"Drinks\" as receitas devem ser filtradas por bebidas",
                  "fullTitle": "Favorite recipes screen Devem existir 2 botões que filtram as receitas por comida ou bebida e um terceiro que remove todos os filtros Ao clicar no botão \"Drinks\" as receitas devem ser filtradas por bebidas",
                  "timedOut": null,
                  "duration": 661,
                  "state": "passed",
                  "speed": "slow",
                  "pass": true,
                  "fail": false,
                  "pending": false,
                  "context": null,
                  "code": "cy.get('[data-testid=\"filter-by-drink-btn\"]').click();\ncy.get('[data-testid=\"0-horizontal-name\"]').contains(favoriteRecipes[1].name);\ncy.get('[data-testid=\"1-horizontal-name\"]').should('not.exist');",
                  "err": {},
                  "uuid": "9910e1d4-cbf6-4f67-9ca2-220b6837eaf3",
                  "parentUUID": "33b62b7d-ce43-42a8-a185-ee23e375212b",
                  "isHook": false,
                  "skipped": false
                },
                {
                  "title": "Ao clicar no botão \"All\" o filtro deve ser removido",
                  "fullTitle": "Favorite recipes screen Devem existir 2 botões que filtram as receitas por comida ou bebida e um terceiro que remove todos os filtros Ao clicar no botão \"All\" o filtro deve ser removido",
                  "timedOut": null,
                  "duration": 829,
                  "state": "passed",
                  "speed": "slow",
                  "pass": true,
                  "fail": false,
                  "pending": false,
                  "context": null,
                  "code": "cy.get('[data-testid=\"filter-by-food-btn\"]').click();\ncy.get('[data-testid=\"filter-by-all-btn\"]').click();\ncy.get('[data-testid=\"0-horizontal-name\"]').contains(favoriteRecipes[0].name);\ncy.get('[data-testid=\"1-horizontal-name\"]').contains(favoriteRecipes[1].name);",
                  "err": {},
                  "uuid": "563bdbc2-d045-4f02-a27d-b1faa9901989",
                  "parentUUID": "33b62b7d-ce43-42a8-a185-ee23e375212b",
                  "isHook": false,
                  "skipped": false
                }
              ],
              "suites": [],
              "passes": [
                "5eefaef1-4a59-4ad7-bc01-50ec47eed496",
                "9910e1d4-cbf6-4f67-9ca2-220b6837eaf3",
                "563bdbc2-d045-4f02-a27d-b1faa9901989"
              ],
              "failures": [],
              "pending": [],
              "skipped": [],
              "duration": 2194,
              "root": false,
              "rootEmpty": false,
              "_timeout": 2000
            },
            {
              "uuid": "21596184-1f1f-4267-bf0f-82a48e7ee404",
              "title": "Ao clicar na foto ou no nome da receita, a rota deve mudar para a tela de detalhes daquela receita",
              "fullFile": "",
              "file": "",
              "beforeHooks": [],
              "afterHooks": [],
              "tests": [
                {
                  "title": "Ao clicar na foto da receita, a rota deve mudar para a tela de detalhes daquela receita",
                  "fullTitle": "Favorite recipes screen Ao clicar na foto ou no nome da receita, a rota deve mudar para a tela de detalhes daquela receita Ao clicar na foto da receita, a rota deve mudar para a tela de detalhes daquela receita",
                  "timedOut": null,
                  "duration": 614,
                  "state": "passed",
                  "speed": "slow",
                  "pass": true,
                  "fail": false,
                  "pending": false,
                  "context": null,
                  "code": "cy.get('[data-testid=\"0-horizontal-image\"]').click();\ncy.location().should(function (loc) {\n  return expect(loc.pathname).to.eq('/comidas/52771');\n});",
                  "err": {},
                  "uuid": "7b22f184-0f37-4543-b583-3b56651f661e",
                  "parentUUID": "21596184-1f1f-4267-bf0f-82a48e7ee404",
                  "isHook": false,
                  "skipped": false
                },
                {
                  "title": "Ao clicar no nome da receita, a rota deve mudar para a tela de detalhes daquela receita",
                  "fullTitle": "Favorite recipes screen Ao clicar na foto ou no nome da receita, a rota deve mudar para a tela de detalhes daquela receita Ao clicar no nome da receita, a rota deve mudar para a tela de detalhes daquela receita",
                  "timedOut": null,
                  "duration": 551,
                  "state": "passed",
                  "speed": "slow",
                  "pass": true,
                  "fail": false,
                  "pending": false,
                  "context": null,
                  "code": "cy.get('[data-testid=\"1-horizontal-name\"]').click();\ncy.location().should(function (loc) {\n  return expect(loc.pathname).to.eq('/bebidas/178319');\n});",
                  "err": {},
                  "uuid": "101e3f9b-1cf2-498b-85ee-9ce9df80cddb",
                  "parentUUID": "21596184-1f1f-4267-bf0f-82a48e7ee404",
                  "isHook": false,
                  "skipped": false
                }
              ],
              "suites": [],
              "passes": [
                "7b22f184-0f37-4543-b583-3b56651f661e",
                "101e3f9b-1cf2-498b-85ee-9ce9df80cddb"
              ],
              "failures": [],
              "pending": [],
              "skipped": [],
              "duration": 1165,
              "root": false,
              "rootEmpty": false,
              "_timeout": 2000
            }
          ],
          "passes": [],
          "failures": [],
          "pending": [],
          "skipped": [],
          "duration": 0,
          "root": false,
          "rootEmpty": false,
          "_timeout": 2000
        }
      ],
      "passes": [],
      "failures": [],
      "pending": [],
      "skipped": [],
      "duration": 0,
      "root": true,
      "rootEmpty": true,
      "_timeout": 2000
    }
  ],
  "meta": {
    "mocha": {
      "version": "8.1.3"
    },
    "mochawesome": {
      "options": {
        "quiet": false,
        "reportFilename": "mochawesome",
        "saveHtml": false,
        "saveJson": true,
        "consoleReporter": "spec",
        "useInlineDiffs": false,
        "code": true
      },
      "version": "6.1.1"
    },
    "marge": {
      "options": {
        "id": "default",
        "reportDir": "cypress/reports",
        "overwrite": false,
        "html": false,
        "json": true
      },
      "version": "5.1.0"
    }
  }
}