{
  "stats": {
    "suites": 8,
    "tests": 24,
    "passes": 23,
    "pending": 0,
    "failures": 1,
    "start": "2020-09-26T01:15:18.935Z",
    "end": "2020-09-26T01:15:54.752Z",
    "duration": 35817,
    "testsRegistered": 24,
    "passPercent": 95.83333333333334,
    "pendingPercent": 0,
    "other": 0,
    "hasOther": false,
    "skipped": 0,
    "hasSkipped": false
  },
  "results": [
    {
      "uuid": "dd90468a-6ff5-429c-96af-b71d7aa19417",
      "title": "",
      "fullFile": "cypress/integration/recipes_list_spec.js",
      "file": "cypress/integration/recipes_list_spec.js",
      "beforeHooks": [],
      "afterHooks": [],
      "tests": [],
      "suites": [
        {
          "uuid": "aa43c1d3-ee61-4542-9781-5ec500b52c60",
          "title": "Todos os elementos devem respeitar os atributos descritos no protótipo para a tela principal de receitas",
          "fullFile": "",
          "file": "",
          "beforeHooks": [],
          "afterHooks": [],
          "tests": [
            {
              "title": "A tela tem os data-testids de todos os 12 cards da tela de comidas",
              "fullTitle": "Todos os elementos devem respeitar os atributos descritos no protótipo para a tela principal de receitas A tela tem os data-testids de todos os 12 cards da tela de comidas",
              "timedOut": null,
              "duration": 3422,
              "state": "passed",
              "speed": "slow",
              "pass": true,
              "fail": false,
              "pending": false,
              "context": null,
              "code": "cy.visit('http://localhost:3000/comidas', {\n  onBeforeLoad: function onBeforeLoad(win) {\n    win.fetch = fetchMock;\n  }\n});\nfor (var index = 0; index < 12; index += 1) {\n  cy.get(\"[data-testid=\\\"\".concat(index, \"-recipe-card\\\"]\"));\n  cy.get(\"[data-testid=\\\"\".concat(index, \"-card-img\\\"]\"));\n  cy.get(\"[data-testid=\\\"\".concat(index, \"-card-name\\\"]\"));\n}\ncy.get('[data-testid=\"12-recipe-card\"]').should('not.exist');\ncy.get('[data-testid=\"12-card-img\"]').should('not.exist');\ncy.get('[data-testid=\"12-card-name\"]').should('not.exist');",
              "err": {},
              "uuid": "c0b1418b-a14c-4ed3-84e0-08c416c7d43b",
              "parentUUID": "aa43c1d3-ee61-4542-9781-5ec500b52c60",
              "isHook": false,
              "skipped": false
            },
            {
              "title": "A tela tem os data-testids de todos os 12 cards da tela de bebidas",
              "fullTitle": "Todos os elementos devem respeitar os atributos descritos no protótipo para a tela principal de receitas A tela tem os data-testids de todos os 12 cards da tela de bebidas",
              "timedOut": null,
              "duration": 1268,
              "state": "passed",
              "speed": "slow",
              "pass": true,
              "fail": false,
              "pending": false,
              "context": null,
              "code": "cy.visit('http://localhost:3000/bebidas', {\n  onBeforeLoad: function onBeforeLoad(win) {\n    win.fetch = fetchMock;\n  }\n});\nfor (var index = 0; index < 12; index += 1) {\n  cy.get(\"[data-testid=\\\"\".concat(index, \"-recipe-card\\\"]\"));\n  cy.get(\"[data-testid=\\\"\".concat(index, \"-card-img\\\"]\"));\n  cy.get(\"[data-testid=\\\"\".concat(index, \"-card-name\\\"]\"));\n}\ncy.get('[data-testid=\"12-recipe-card\"]').should('not.exist');\ncy.get('[data-testid=\"12-card-img\"]').should('not.exist');\ncy.get('[data-testid=\"12-card-name\"]').should('not.exist');",
              "err": {},
              "uuid": "062ed22b-c96f-439a-924f-2ebde8c777f2",
              "parentUUID": "aa43c1d3-ee61-4542-9781-5ec500b52c60",
              "isHook": false,
              "skipped": false
            }
          ],
          "suites": [],
          "passes": [
            "c0b1418b-a14c-4ed3-84e0-08c416c7d43b",
            "062ed22b-c96f-439a-924f-2ebde8c777f2"
          ],
          "failures": [],
          "pending": [],
          "skipped": [],
          "duration": 4690,
          "root": false,
          "rootEmpty": false,
          "_timeout": 2000
        },
        {
          "uuid": "511a728e-5e9a-4269-af7c-697505430d61",
          "title": "Devem ser carregadas as 12 primeiras receitas de comidas ou bebidas, uma em cada card",
          "fullFile": "",
          "file": "",
          "beforeHooks": [],
          "afterHooks": [],
          "tests": [
            {
              "title": "Caso as receitas sejam de comida, deve-se carregar as 12 primeiras receitas",
              "fullTitle": "Devem ser carregadas as 12 primeiras receitas de comidas ou bebidas, uma em cada card Caso as receitas sejam de comida, deve-se carregar as 12 primeiras receitas",
              "timedOut": null,
              "duration": 1047,
              "state": "passed",
              "speed": "slow",
              "pass": true,
              "fail": false,
              "pending": false,
              "context": null,
              "code": "cy.visit('http://localhost:3000/comidas', {\n  onBeforeLoad: function onBeforeLoad(win) {\n    win.fetch = fetchMock;\n  }\n});\ncheckFirstTwelveRecipes(mealsMock.meals);",
              "err": {},
              "uuid": "35243536-57be-454a-88ee-ff00bb5d128d",
              "parentUUID": "511a728e-5e9a-4269-af7c-697505430d61",
              "isHook": false,
              "skipped": false
            },
            {
              "title": "Caso as receitas sejam de bebida, deve-se carregar as 12 primeiras receitas",
              "fullTitle": "Devem ser carregadas as 12 primeiras receitas de comidas ou bebidas, uma em cada card Caso as receitas sejam de bebida, deve-se carregar as 12 primeiras receitas",
              "timedOut": null,
              "duration": 1038,
              "state": "passed",
              "speed": "slow",
              "pass": true,
              "fail": false,
              "pending": false,
              "context": null,
              "code": "cy.visit('http://localhost:3000/bebidas', {\n  onBeforeLoad: function onBeforeLoad(win) {\n    win.fetch = fetchMock;\n  }\n});\ncheckFirstTwelveRecipes(drinksMock.drinks, false);",
              "err": {},
              "uuid": "ee908546-02f0-4b16-a77f-5bafb209446d",
              "parentUUID": "511a728e-5e9a-4269-af7c-697505430d61",
              "isHook": false,
              "skipped": false
            }
          ],
          "suites": [],
          "passes": [
            "35243536-57be-454a-88ee-ff00bb5d128d",
            "ee908546-02f0-4b16-a77f-5bafb209446d"
          ],
          "failures": [],
          "pending": [],
          "skipped": [],
          "duration": 2085,
          "root": false,
          "rootEmpty": false,
          "_timeout": 2000
        },
        {
          "uuid": "c36c7db7-ca3b-453d-ad22-15e1637d1ef0",
          "title": "A tela deve possuir botões de categoria para serem utilizados como filtro",
          "fullFile": "",
          "file": "",
          "beforeHooks": [],
          "afterHooks": [],
          "tests": [
            {
              "title": "Caso as receitas sejam de comida, deve-se exibir as 5 primeiras categorias de comida",
              "fullTitle": "A tela deve possuir botões de categoria para serem utilizados como filtro Caso as receitas sejam de comida, deve-se exibir as 5 primeiras categorias de comida",
              "timedOut": null,
              "duration": 585,
              "state": "passed",
              "speed": "slow",
              "pass": true,
              "fail": false,
              "pending": false,
              "context": null,
              "code": "cy.visit('http://localhost:3000/comidas', {\n  onBeforeLoad: function onBeforeLoad(win) {\n    win.fetch = fetchMock;\n  }\n});\nmealCategoriesMock.meals.slice(0, 5).forEach(function (_ref) {\n  var category = _ref.strCategory;\n  cy.get(\"[data-testid=\\\"\".concat(category, \"-category-filter\\\"]\"));\n});\nmealCategoriesMock.meals.slice(5).forEach(function (_ref2) {\n  var category = _ref2.strCategory;\n  cy.get(\"[data-testid=\\\"\".concat(category, \"-category-filter\\\"]\")).should('not.exist');\n});",
              "err": {},
              "uuid": "796c6952-0123-4eb2-8c25-b091f7520453",
              "parentUUID": "c36c7db7-ca3b-453d-ad22-15e1637d1ef0",
              "isHook": false,
              "skipped": false
            },
            {
              "title": "Caso as receitas sejam de bebida, deve-se exibir as 5 primeiras categorias de bebida",
              "fullTitle": "A tela deve possuir botões de categoria para serem utilizados como filtro Caso as receitas sejam de bebida, deve-se exibir as 5 primeiras categorias de bebida",
              "timedOut": null,
              "duration": 857,
              "state": "passed",
              "speed": "slow",
              "pass": true,
              "fail": false,
              "pending": false,
              "context": null,
              "code": "cy.visit('http://localhost:3000/bebidas', {\n  onBeforeLoad: function onBeforeLoad(win) {\n    win.fetch = fetchMock;\n  }\n});\ndrinkCategoriesMock.drinks.slice(0, 5).forEach(function (_ref3) {\n  var category = _ref3.strCategory;\n  cy.get(\"[data-testid=\\\"\".concat(category, \"-category-filter\\\"]\"));\n});\ndrinkCategoriesMock.drinks.slice(5).forEach(function (_ref4) {\n  var category = _ref4.strCategory;\n  cy.get(\"[data-testid=\\\"\".concat(category, \"-category-filter\\\"]\")).should('not.exist');\n});",
              "err": {},
              "uuid": "2db5ffe5-a7d0-4a0c-8edc-5a740bb449ef",
              "parentUUID": "c36c7db7-ca3b-453d-ad22-15e1637d1ef0",
              "isHook": false,
              "skipped": false
            }
          ],
          "suites": [],
          "passes": [
            "796c6952-0123-4eb2-8c25-b091f7520453",
            "2db5ffe5-a7d0-4a0c-8edc-5a740bb449ef"
          ],
          "failures": [],
          "pending": [],
          "skipped": [],
          "duration": 1442,
          "root": false,
          "rootEmpty": false,
          "_timeout": 2000
        },
        {
          "uuid": "d0501b87-2541-4c44-a095-b954d7e70d2b",
          "title": "Ao clicar no filtro de categoria, todas as receitas devem mudar para os dados filtrados da API",
          "fullFile": "",
          "file": "",
          "beforeHooks": [],
          "afterHooks": [],
          "tests": [
            {
              "title": "Caso as receitas sejam de comida e a categoria seja \"Beef\", deve-se carregar as 12 primeiras receitas de \"Beef\"",
              "fullTitle": "Ao clicar no filtro de categoria, todas as receitas devem mudar para os dados filtrados da API Caso as receitas sejam de comida e a categoria seja \"Beef\", deve-se carregar as 12 primeiras receitas de \"Beef\"",
              "timedOut": null,
              "duration": 1748,
              "state": "passed",
              "speed": "slow",
              "pass": true,
              "fail": false,
              "pending": false,
              "context": null,
              "code": "cy.visit('http://localhost:3000/comidas', {\n  onBeforeLoad: function onBeforeLoad(win) {\n    win.fetch = fetchMock;\n  }\n});\ncy.get('[data-testid=\"Beef-category-filter\"]').click();\ncheckFirstTwelveRecipes(beefMealsMock.meals);",
              "err": {},
              "uuid": "d06986e5-3c20-41c5-993a-5c43aa05bef6",
              "parentUUID": "d0501b87-2541-4c44-a095-b954d7e70d2b",
              "isHook": false,
              "skipped": false
            },
            {
              "title": "Caso as receitas sejam de comida e a categoria seja \"Breakfast\", deve-se carregar as 12 primeiras receitas de \"Breakfast\"",
              "fullTitle": "Ao clicar no filtro de categoria, todas as receitas devem mudar para os dados filtrados da API Caso as receitas sejam de comida e a categoria seja \"Breakfast\", deve-se carregar as 12 primeiras receitas de \"Breakfast\"",
              "timedOut": null,
              "duration": 1943,
              "state": "passed",
              "speed": "slow",
              "pass": true,
              "fail": false,
              "pending": false,
              "context": null,
              "code": "cy.visit('http://localhost:3000/comidas', {\n  onBeforeLoad: function onBeforeLoad(win) {\n    win.fetch = fetchMock;\n  }\n});\ncy.get('[data-testid=\"Breakfast-category-filter\"]').click();\ncheckFirstTwelveRecipes(breakfastMealsMock.meals);",
              "err": {},
              "uuid": "5fc19807-c08c-404f-811d-91815331a69c",
              "parentUUID": "d0501b87-2541-4c44-a095-b954d7e70d2b",
              "isHook": false,
              "skipped": false
            },
            {
              "title": "Caso as receitas sejam de comida e a categoria seja \"Chicken\", deve-se carregar as 12 primeiras receitas de \"Chicken\"",
              "fullTitle": "Ao clicar no filtro de categoria, todas as receitas devem mudar para os dados filtrados da API Caso as receitas sejam de comida e a categoria seja \"Chicken\", deve-se carregar as 12 primeiras receitas de \"Chicken\"",
              "timedOut": null,
              "duration": 1475,
              "state": "passed",
              "speed": "slow",
              "pass": true,
              "fail": false,
              "pending": false,
              "context": null,
              "code": "cy.visit('http://localhost:3000/comidas', {\n  onBeforeLoad: function onBeforeLoad(win) {\n    win.fetch = fetchMock;\n  }\n});\ncy.get('[data-testid=\"Chicken-category-filter\"]').click();\ncheckFirstTwelveRecipes(chickenMealsMock.meals);",
              "err": {},
              "uuid": "7aab2f14-95ae-4f80-bb78-3aa8dad266de",
              "parentUUID": "d0501b87-2541-4c44-a095-b954d7e70d2b",
              "isHook": false,
              "skipped": false
            },
            {
              "title": "Caso as receitas sejam de comida e a categoria seja \"Dessert\", deve-se carregar as 12 primeiras receitas de \"Dessert\"",
              "fullTitle": "Ao clicar no filtro de categoria, todas as receitas devem mudar para os dados filtrados da API Caso as receitas sejam de comida e a categoria seja \"Dessert\", deve-se carregar as 12 primeiras receitas de \"Dessert\"",
              "timedOut": null,
              "duration": 1317,
              "state": "passed",
              "speed": "slow",
              "pass": true,
              "fail": false,
              "pending": false,
              "context": null,
              "code": "cy.visit('http://localhost:3000/comidas', {\n  onBeforeLoad: function onBeforeLoad(win) {\n    win.fetch = fetchMock;\n  }\n});\ncy.get('[data-testid=\"Dessert-category-filter\"]').click();\ncheckFirstTwelveRecipes(dessertMealsMock.meals);",
              "err": {},
              "uuid": "a4a4c1af-cdc6-4f79-bbfd-b5a8d0dbdf43",
              "parentUUID": "d0501b87-2541-4c44-a095-b954d7e70d2b",
              "isHook": false,
              "skipped": false
            },
            {
              "title": "Caso as receitas sejam de comida e a categoria seja \"Goat\", deve-se carregar as 12 primeiras receitas de \"Goat\"",
              "fullTitle": "Ao clicar no filtro de categoria, todas as receitas devem mudar para os dados filtrados da API Caso as receitas sejam de comida e a categoria seja \"Goat\", deve-se carregar as 12 primeiras receitas de \"Goat\"",
              "timedOut": null,
              "duration": 644,
              "state": "passed",
              "speed": "slow",
              "pass": true,
              "fail": false,
              "pending": false,
              "context": null,
              "code": "cy.visit('http://localhost:3000/comidas', {\n  onBeforeLoad: function onBeforeLoad(win) {\n    win.fetch = fetchMock;\n  }\n});\ncy.get('[data-testid=\"Goat-category-filter\"]').click();\ncheckFirstTwelveRecipes(goatMealsMock.meals);",
              "err": {},
              "uuid": "e35ee6bb-a3ed-4d5b-99cf-c76f1fcca3e9",
              "parentUUID": "d0501b87-2541-4c44-a095-b954d7e70d2b",
              "isHook": false,
              "skipped": false
            },
            {
              "title": "Caso as receitas sejam de bebida e a categoria seja \"Ordinary Drink\", deve-se carregar as 12 primeiras receitas de \"Ordinary Drink\"",
              "fullTitle": "Ao clicar no filtro de categoria, todas as receitas devem mudar para os dados filtrados da API Caso as receitas sejam de bebida e a categoria seja \"Ordinary Drink\", deve-se carregar as 12 primeiras receitas de \"Ordinary Drink\"",
              "timedOut": null,
              "duration": 1125,
              "state": "passed",
              "speed": "slow",
              "pass": true,
              "fail": false,
              "pending": false,
              "context": null,
              "code": "cy.visit('http://localhost:3000/bebidas', {\n  onBeforeLoad: function onBeforeLoad(win) {\n    win.fetch = fetchMock;\n  }\n});\ncy.get('[data-testid=\"Ordinary Drink-category-filter\"]').click();\ncheckFirstTwelveRecipes(ordinaryDrinksMock.drinks, false);",
              "err": {},
              "uuid": "64bc7292-7e61-4c09-abe1-4120b3fc1e9d",
              "parentUUID": "d0501b87-2541-4c44-a095-b954d7e70d2b",
              "isHook": false,
              "skipped": false
            },
            {
              "title": "Caso as receitas sejam de bebida e a categoria seja \"Cocktail\", deve-se carregar as 12 primeiras receitas de \"Cocktail\"",
              "fullTitle": "Ao clicar no filtro de categoria, todas as receitas devem mudar para os dados filtrados da API Caso as receitas sejam de bebida e a categoria seja \"Cocktail\", deve-se carregar as 12 primeiras receitas de \"Cocktail\"",
              "timedOut": null,
              "duration": 1206,
              "state": "passed",
              "speed": "slow",
              "pass": true,
              "fail": false,
              "pending": false,
              "context": null,
              "code": "cy.visit('http://localhost:3000/bebidas', {\n  onBeforeLoad: function onBeforeLoad(win) {\n    win.fetch = fetchMock;\n  }\n});\ncy.get('[data-testid=\"Cocktail-category-filter\"]').click();\ncheckFirstTwelveRecipes(cocktailDrinksMock.drinks, false);",
              "err": {},
              "uuid": "afc9a9b4-923b-44d4-bf80-25201e437471",
              "parentUUID": "d0501b87-2541-4c44-a095-b954d7e70d2b",
              "isHook": false,
              "skipped": false
            },
            {
              "title": "Caso as receitas sejam de bebida e a categoria seja \"Milk / Float / Shake\", deve-se carregar as 12 primeiras receitas de \"Milk / Float / Shake\"",
              "fullTitle": "Ao clicar no filtro de categoria, todas as receitas devem mudar para os dados filtrados da API Caso as receitas sejam de bebida e a categoria seja \"Milk / Float / Shake\", deve-se carregar as 12 primeiras receitas de \"Milk / Float / Shake\"",
              "timedOut": null,
              "duration": 993,
              "state": "passed",
              "speed": "slow",
              "pass": true,
              "fail": false,
              "pending": false,
              "context": null,
              "code": "cy.visit('http://localhost:3000/bebidas', {\n  onBeforeLoad: function onBeforeLoad(win) {\n    win.fetch = fetchMock;\n  }\n});\ncy.get('[data-testid=\"Milk / Float / Shake-category-filter\"]').click();\ncheckFirstTwelveRecipes(milkDrinksMock.drinks, false);",
              "err": {},
              "uuid": "49d064be-08b0-47ff-ba43-11312d7e9f0f",
              "parentUUID": "d0501b87-2541-4c44-a095-b954d7e70d2b",
              "isHook": false,
              "skipped": false
            },
            {
              "title": "Caso as receitas sejam de bebida e a categoria seja \"Other/Unknown\", deve-se carregar as 12 primeiras receitas de \"Other/Unknown\"",
              "fullTitle": "Ao clicar no filtro de categoria, todas as receitas devem mudar para os dados filtrados da API Caso as receitas sejam de bebida e a categoria seja \"Other/Unknown\", deve-se carregar as 12 primeiras receitas de \"Other/Unknown\"",
              "timedOut": null,
              "duration": 1099,
              "state": "passed",
              "speed": "slow",
              "pass": true,
              "fail": false,
              "pending": false,
              "context": null,
              "code": "cy.visit('http://localhost:3000/bebidas', {\n  onBeforeLoad: function onBeforeLoad(win) {\n    win.fetch = fetchMock;\n  }\n});\ncy.get('[data-testid=\"Other/Unknown-category-filter\"]').click();\ncheckFirstTwelveRecipes(otherDrinksMock.drinks, false);",
              "err": {},
              "uuid": "f7b95325-ed2b-46da-97b6-0139d199720b",
              "parentUUID": "d0501b87-2541-4c44-a095-b954d7e70d2b",
              "isHook": false,
              "skipped": false
            },
            {
              "title": "Caso as receitas sejam de bebida e a categoria seja \"Cocoa\", deve-se carregar as 12 primeiras receitas de \"Cocoa\"",
              "fullTitle": "Ao clicar no filtro de categoria, todas as receitas devem mudar para os dados filtrados da API Caso as receitas sejam de bebida e a categoria seja \"Cocoa\", deve-se carregar as 12 primeiras receitas de \"Cocoa\"",
              "timedOut": null,
              "duration": 883,
              "state": "passed",
              "speed": "slow",
              "pass": true,
              "fail": false,
              "pending": false,
              "context": null,
              "code": "cy.visit('http://localhost:3000/bebidas', {\n  onBeforeLoad: function onBeforeLoad(win) {\n    win.fetch = fetchMock;\n  }\n});\ncy.get('[data-testid=\"Cocoa-category-filter\"]').click();\ncheckFirstTwelveRecipes(cocoaDrinksMock.drinks, false);",
              "err": {},
              "uuid": "ee0268c2-0fc1-44cb-aa06-8d638cb519ef",
              "parentUUID": "d0501b87-2541-4c44-a095-b954d7e70d2b",
              "isHook": false,
              "skipped": false
            }
          ],
          "suites": [],
          "passes": [
            "d06986e5-3c20-41c5-993a-5c43aa05bef6",
            "5fc19807-c08c-404f-811d-91815331a69c",
            "7aab2f14-95ae-4f80-bb78-3aa8dad266de",
            "a4a4c1af-cdc6-4f79-bbfd-b5a8d0dbdf43",
            "e35ee6bb-a3ed-4d5b-99cf-c76f1fcca3e9",
            "64bc7292-7e61-4c09-abe1-4120b3fc1e9d",
            "afc9a9b4-923b-44d4-bf80-25201e437471",
            "49d064be-08b0-47ff-ba43-11312d7e9f0f",
            "f7b95325-ed2b-46da-97b6-0139d199720b",
            "ee0268c2-0fc1-44cb-aa06-8d638cb519ef"
          ],
          "failures": [],
          "pending": [],
          "skipped": [],
          "duration": 12433,
          "root": false,
          "rootEmpty": false,
          "_timeout": 2000
        },
        {
          "uuid": "f534d1ec-d836-475c-b9b1-ed671fc0a0eb",
          "title": "Caso o filtro selecionado no momento seja selecionado de novo, o app deve retornar as receitas sem nenhum filtro, como se fosse um toggle",
          "fullFile": "",
          "file": "",
          "beforeHooks": [],
          "afterHooks": [],
          "tests": [
            {
              "title": "Caso as receitas sejam de comida e o filtro tenha sido selecionado novamente, deve-se retornar as 12 primeiras receitas sem filtro",
              "fullTitle": "Caso o filtro selecionado no momento seja selecionado de novo, o app deve retornar as receitas sem nenhum filtro, como se fosse um toggle Caso as receitas sejam de comida e o filtro tenha sido selecionado novamente, deve-se retornar as 12 primeiras receitas sem filtro",
              "timedOut": null,
              "duration": 1355,
              "state": "passed",
              "speed": "slow",
              "pass": true,
              "fail": false,
              "pending": false,
              "context": null,
              "code": "cy.visit('http://localhost:3000/comidas', {\n  onBeforeLoad: function onBeforeLoad(win) {\n    win.fetch = fetchMock;\n  }\n});\ncy.get('[data-testid=\"Beef-category-filter\"]').click();\ncy.get('[data-testid=\"Beef-category-filter\"]').click();\ncheckFirstTwelveRecipes(mealsMock.meals);",
              "err": {},
              "uuid": "09bee79f-3c8c-4ece-897a-7499afaf37ed",
              "parentUUID": "f534d1ec-d836-475c-b9b1-ed671fc0a0eb",
              "isHook": false,
              "skipped": false
            },
            {
              "title": "Caso as receitas sejam de bebida e o filtro tenha sido selecionado novamente, deve-se retornar as 12 primeiras receitas sem filtro",
              "fullTitle": "Caso o filtro selecionado no momento seja selecionado de novo, o app deve retornar as receitas sem nenhum filtro, como se fosse um toggle Caso as receitas sejam de bebida e o filtro tenha sido selecionado novamente, deve-se retornar as 12 primeiras receitas sem filtro",
              "timedOut": null,
              "duration": 1204,
              "state": "passed",
              "speed": "slow",
              "pass": true,
              "fail": false,
              "pending": false,
              "context": null,
              "code": "cy.visit('http://localhost:3000/bebidas', {\n  onBeforeLoad: function onBeforeLoad(win) {\n    win.fetch = fetchMock;\n  }\n});\ncy.get('[data-testid=\"Ordinary Drink-category-filter\"]').click();\ncy.get('[data-testid=\"Ordinary Drink-category-filter\"]').click();\ncheckFirstTwelveRecipes(drinksMock.drinks, false);",
              "err": {},
              "uuid": "557cee2b-3208-407c-a73e-a1be6766bb08",
              "parentUUID": "f534d1ec-d836-475c-b9b1-ed671fc0a0eb",
              "isHook": false,
              "skipped": false
            }
          ],
          "suites": [],
          "passes": [
            "09bee79f-3c8c-4ece-897a-7499afaf37ed",
            "557cee2b-3208-407c-a73e-a1be6766bb08"
          ],
          "failures": [],
          "pending": [],
          "skipped": [],
          "duration": 2559,
          "root": false,
          "rootEmpty": false,
          "_timeout": 2000
        },
        {
          "uuid": "2bcab06b-2d81-46b9-8660-6d86640f0389",
          "title": "Apenas um filtro de categoria deve poder ser selecionado por vez",
          "fullFile": "",
          "file": "",
          "beforeHooks": [],
          "afterHooks": [],
          "tests": [
            {
              "title": "Caso as receitas sejam de comida apenas um filtro de categoria deve poder ser selecionado por vez",
              "fullTitle": "Apenas um filtro de categoria deve poder ser selecionado por vez Caso as receitas sejam de comida apenas um filtro de categoria deve poder ser selecionado por vez",
              "timedOut": null,
              "duration": 1252,
              "state": "passed",
              "speed": "slow",
              "pass": true,
              "fail": false,
              "pending": false,
              "context": null,
              "code": "cy.visit('http://localhost:3000/comidas', {\n  onBeforeLoad: function onBeforeLoad(win) {\n    win.fetch = fetchMock;\n  }\n});\ncy.get('[data-testid=\"Beef-category-filter\"]').click();\ncheckFirstTwelveRecipes(beefMealsMock.meals);\ncy.get('[data-testid=\"Breakfast-category-filter\"]').click();\ncheckFirstTwelveRecipes(breakfastMealsMock.meals);",
              "err": {},
              "uuid": "1b1b07a5-4eb9-4ec3-a87a-ae1362e5854f",
              "parentUUID": "2bcab06b-2d81-46b9-8660-6d86640f0389",
              "isHook": false,
              "skipped": false
            },
            {
              "title": "Caso as receitas sejam de bebida apenas um filtro de categoria deve poder ser selecionado por vez",
              "fullTitle": "Apenas um filtro de categoria deve poder ser selecionado por vez Caso as receitas sejam de bebida apenas um filtro de categoria deve poder ser selecionado por vez",
              "timedOut": null,
              "duration": 1529,
              "state": "passed",
              "speed": "slow",
              "pass": true,
              "fail": false,
              "pending": false,
              "context": null,
              "code": "cy.visit('http://localhost:3000/bebidas', {\n  onBeforeLoad: function onBeforeLoad(win) {\n    win.fetch = fetchMock;\n  }\n});\ncy.get('[data-testid=\"Ordinary Drink-category-filter\"]').click();\ncheckFirstTwelveRecipes(ordinaryDrinksMock.drinks, false);\ncy.get('[data-testid=\"Cocktail-category-filter\"]').click();\ncheckFirstTwelveRecipes(cocktailDrinksMock.drinks, false);",
              "err": {},
              "uuid": "4001d29e-a803-4464-bd27-a2f9443d397b",
              "parentUUID": "2bcab06b-2d81-46b9-8660-6d86640f0389",
              "isHook": false,
              "skipped": false
            }
          ],
          "suites": [],
          "passes": [
            "1b1b07a5-4eb9-4ec3-a87a-ae1362e5854f",
            "4001d29e-a803-4464-bd27-a2f9443d397b"
          ],
          "failures": [],
          "pending": [],
          "skipped": [],
          "duration": 2781,
          "root": false,
          "rootEmpty": false,
          "_timeout": 2000
        },
        {
          "uuid": "8101590b-18da-4b00-94ee-30ba31f4c075",
          "title": "No filtro de categorias deve existir a opção de filtrar por todas as categorias",
          "fullFile": "",
          "file": "",
          "beforeHooks": [],
          "afterHooks": [],
          "tests": [
            {
              "title": "Caso as receitas sejam de comida deve existir a opção de filtrar por todas as categorias",
              "fullTitle": "No filtro de categorias deve existir a opção de filtrar por todas as categorias Caso as receitas sejam de comida deve existir a opção de filtrar por todas as categorias",
              "timedOut": null,
              "duration": 1391,
              "state": "passed",
              "speed": "slow",
              "pass": true,
              "fail": false,
              "pending": false,
              "context": null,
              "code": "cy.visit('http://localhost:3000/comidas', {\n  onBeforeLoad: function onBeforeLoad(win) {\n    win.fetch = fetchMock;\n  }\n});\ncy.get('[data-testid=\"Beef-category-filter\"]').click();\ncheckFirstTwelveRecipes(beefMealsMock.meals);\ncy.get('[data-testid=\"All-category-filter\"]').click();\ncheckFirstTwelveRecipes(mealsMock.meals);",
              "err": {},
              "uuid": "0786d355-727d-48dd-a33b-aee5c8563d7a",
              "parentUUID": "8101590b-18da-4b00-94ee-30ba31f4c075",
              "isHook": false,
              "skipped": false
            },
            {
              "title": "Caso as receitas sejam de bebida deve existir a opção de filtrar por todas as categorias",
              "fullTitle": "No filtro de categorias deve existir a opção de filtrar por todas as categorias Caso as receitas sejam de bebida deve existir a opção de filtrar por todas as categorias",
              "timedOut": null,
              "duration": 1376,
              "state": "passed",
              "speed": "slow",
              "pass": true,
              "fail": false,
              "pending": false,
              "context": null,
              "code": "cy.visit('http://localhost:3000/bebidas', {\n  onBeforeLoad: function onBeforeLoad(win) {\n    win.fetch = fetchMock;\n  }\n});\ncy.get('[data-testid=\"Ordinary Drink-category-filter\"]').click();\ncheckFirstTwelveRecipes(ordinaryDrinksMock.drinks, false);\ncy.get('[data-testid=\"All-category-filter\"]').click();\ncheckFirstTwelveRecipes(drinksMock.drinks, false);",
              "err": {},
              "uuid": "29c523a9-6eb6-48ba-9f4e-f18f8227fa9e",
              "parentUUID": "8101590b-18da-4b00-94ee-30ba31f4c075",
              "isHook": false,
              "skipped": false
            }
          ],
          "suites": [],
          "passes": [
            "0786d355-727d-48dd-a33b-aee5c8563d7a",
            "29c523a9-6eb6-48ba-9f4e-f18f8227fa9e"
          ],
          "failures": [],
          "pending": [],
          "skipped": [],
          "duration": 2767,
          "root": false,
          "rootEmpty": false,
          "_timeout": 2000
        },
        {
          "uuid": "4e4696ba-0def-401b-aee5-a301c3db1e91",
          "title": "Ao clicar no card, a rota deve mudar para a tela de detalhes da receita com o ID da mesma na URL",
          "fullFile": "",
          "file": "",
          "beforeHooks": [],
          "afterHooks": [],
          "tests": [
            {
              "title": "Caso as receitas sejam de comida a rota deve mudar para a tela de detalhes da receita",
              "fullTitle": "Ao clicar no card, a rota deve mudar para a tela de detalhes da receita com o ID da mesma na URL Caso as receitas sejam de comida a rota deve mudar para a tela de detalhes da receita",
              "timedOut": null,
              "duration": 872,
              "state": "passed",
              "speed": "slow",
              "pass": true,
              "fail": false,
              "pending": false,
              "context": null,
              "code": "cy.visit('http://localhost:3000/comidas', {\n  onBeforeLoad: function onBeforeLoad(win) {\n    win.fetch = fetchMock;\n  }\n});\ncy.get('[data-testid=\"0-recipe-card\"]').click();\ncy.location().should(function (loc) {\n  return expect(loc.pathname).to.eq('/comidas/52977');\n});",
              "err": {},
              "uuid": "f8541e81-62ba-4182-976b-f705d90cf581",
              "parentUUID": "4e4696ba-0def-401b-aee5-a301c3db1e91",
              "isHook": false,
              "skipped": false
            },
            {
              "title": "Caso as receitas sejam de bebida a rota deve mudar para a tela de detalhes da receita",
              "fullTitle": "Ao clicar no card, a rota deve mudar para a tela de detalhes da receita com o ID da mesma na URL Caso as receitas sejam de bebida a rota deve mudar para a tela de detalhes da receita",
              "timedOut": null,
              "duration": 842,
              "state": "failed",
              "speed": null,
              "pass": false,
              "fail": true,
              "pending": false,
              "context": null,
              "code": "cy.visit('http://localhost:3000/bebidas', {\n  onBeforeLoad: function onBeforeLoad(win) {\n    win.fetch = fetchMock;\n  }\n});\ncy.get('[data-testid=\"0-recipe-card\"]').click();\ncy.location().should(function (loc) {\n  return expect(loc.pathname).to.eq('/bebidas/15997');\n});",
              "err": {
                "message": "Uncaught TypeError: Cannot read property '0' of undefined\n\nThis error originated from your application code, not from Cypress.\n\nWhen Cypress detects uncaught errors originating from your application it will automatically fail the current test.\n\nThis behavior is configurable, and you can choose to turn this off by listening to the 'uncaught:exception' event.\n\nhttps://on.cypress.io/uncaught-exception-from-application",
                "estack": "Uncaught TypeError: Cannot read property '0' of undefined\n\nThis error originated from your application code, not from Cypress.\n\nWhen Cypress detects uncaught errors originating from your application it will automatically fail the current test.\n\nThis behavior is configurable, and you can choose to turn this off by listening to the 'uncaught:exception' event.\n\nhttps://on.cypress.io/uncaught-exception-from-application\n    at DrinkDetails (http://localhost:3000/static/js/main.chunk.js:4387:14)\n    at renderWithHooks (http://localhost:3000/static/js/1.chunk.js:21326:22)\n    at updateFunctionComponent (http://localhost:3000/static/js/1.chunk.js:23505:24)\n    at beginWork (http://localhost:3000/static/js/1.chunk.js:25030:20)\n    at HTMLUnknownElement.callCallback (http://localhost:3000/static/js/1.chunk.js:6719:18)\n    at Object.invokeGuardedCallbackDev (http://localhost:3000/static/js/1.chunk.js:6768:20)\n    at invokeGuardedCallback (http://localhost:3000/static/js/1.chunk.js:6821:35)\n    at beginWork$1 (http://localhost:3000/static/js/1.chunk.js:29582:11)\n    at performUnitOfWork (http://localhost:3000/static/js/1.chunk.js:28549:16)\n    at workLoopSync (http://localhost:3000/static/js/1.chunk.js:28522:26)\n    at performSyncWorkOnRoot (http://localhost:3000/static/js/1.chunk.js:28140:13)\n    at http://localhost:3000/static/js/1.chunk.js:17660:28\n    at unstable_runWithPriority (http://localhost:3000/static/js/1.chunk.js:37779:16)\n    at runWithPriority$1 (http://localhost:3000/static/js/1.chunk.js:17606:14)\n    at flushSyncCallbackQueueImpl (http://localhost:3000/static/js/1.chunk.js:17655:11)\n    at flushSyncCallbackQueue (http://localhost:3000/static/js/1.chunk.js:17643:7)\n    at scheduleUpdateOnFiber (http://localhost:3000/static/js/1.chunk.js:27583:13)\n    at dispatchAction (http://localhost:3000/static/js/1.chunk.js:22163:9)\n    at http://localhost:3000/static/js/main.chunk.js:4411:97",
                "diff": null
              },
              "uuid": "6362a2a8-f6da-47fe-bc1d-5596af1d141f",
              "parentUUID": "4e4696ba-0def-401b-aee5-a301c3db1e91",
              "isHook": false,
              "skipped": false
            }
          ],
          "suites": [],
          "passes": [
            "f8541e81-62ba-4182-976b-f705d90cf581"
          ],
          "failures": [
            "6362a2a8-f6da-47fe-bc1d-5596af1d141f"
          ],
          "pending": [],
          "skipped": [],
          "duration": 1714,
          "root": false,
          "rootEmpty": false,
          "_timeout": 2000
        }
      ],
      "passes": [],
      "failures": [],
      "pending": [],
      "skipped": [],
      "duration": 0,
      "root": true,
      "rootEmpty": true,
      "_timeout": 2000
    }
  ],
  "meta": {
    "mocha": {
      "version": "8.1.3"
    },
    "mochawesome": {
      "options": {
        "quiet": false,
        "reportFilename": "mochawesome",
        "saveHtml": false,
        "saveJson": true,
        "consoleReporter": "spec",
        "useInlineDiffs": false,
        "code": true
      },
      "version": "6.1.1"
    },
    "marge": {
      "options": {
        "id": "default",
        "reportDir": "cypress/reports",
        "overwrite": false,
        "html": false,
        "json": true
      },
      "version": "5.1.0"
    }
  }
}