{
  "stats": {
    "suites": 4,
    "tests": 20,
    "passes": 18,
    "pending": 0,
    "failures": 2,
    "start": "2020-10-01T01:42:57.156Z",
    "end": "2020-10-01T01:43:11.631Z",
    "duration": 14475,
    "testsRegistered": 20,
    "passPercent": 90,
    "pendingPercent": 0,
    "other": 0,
    "hasOther": false,
    "skipped": 0,
    "hasSkipped": false
  },
  "results": [
    {
      "uuid": "3ec50d2e-ce0b-481e-a3da-d9f2d1ea3e75",
      "title": "",
      "fullFile": "cypress/integration/header_spec.js",
      "file": "cypress/integration/header_spec.js",
      "beforeHooks": [],
      "afterHooks": [],
      "tests": [],
      "suites": [
        {
          "uuid": "20af82a9-63d8-47b3-a620-a232f72467ef",
          "title": "Todos os elementos devem respeitar os atributos descritos no protótipo para o header",
          "fullFile": "",
          "file": "",
          "beforeHooks": [],
          "afterHooks": [],
          "tests": [
            {
              "title": "Tem os data-testids profile-top-btn, page-title e search-top-btn",
              "fullTitle": "Todos os elementos devem respeitar os atributos descritos no protótipo para o header Tem os data-testids profile-top-btn, page-title e search-top-btn",
              "timedOut": null,
              "duration": 1306,
              "state": "passed",
              "speed": "slow",
              "pass": true,
              "fail": false,
              "pending": false,
              "context": null,
              "code": "cy.visit('http://localhost:3000/comidas');\ncy.get('[data-testid=\"profile-top-btn\"]');\ncy.get('[data-testid=\"page-title\"]');\ncy.get('[data-testid=\"search-top-btn\"]');",
              "err": {},
              "uuid": "51c3162d-6dd4-4eed-8a97-dbdf6f7d1be5",
              "parentUUID": "20af82a9-63d8-47b3-a620-a232f72467ef",
              "isHook": false,
              "skipped": false
            }
          ],
          "suites": [],
          "passes": [
            "51c3162d-6dd4-4eed-8a97-dbdf6f7d1be5"
          ],
          "failures": [],
          "pending": [],
          "skipped": [],
          "duration": 1306,
          "root": false,
          "rootEmpty": false,
          "_timeout": 2000
        },
        {
          "uuid": "98cc6077-028a-4605-b2e1-11f004705383",
          "title": "Deve apresentar um ícone para a tela de perfil, um título e um ícone para a busca (caso exista no protótipo)",
          "fullFile": "",
          "file": "",
          "beforeHooks": [],
          "afterHooks": [],
          "tests": [
            {
              "title": "Não tem header na tela de login",
              "fullTitle": "Deve apresentar um ícone para a tela de perfil, um título e um ícone para a busca (caso exista no protótipo) Não tem header na tela de login",
              "timedOut": null,
              "duration": 568,
              "state": "passed",
              "speed": "slow",
              "pass": true,
              "fail": false,
              "pending": false,
              "context": null,
              "code": "cy.visit('http://localhost:3000/');\nhasNoHeader();",
              "err": {},
              "uuid": "7daf1e12-7874-491d-ac83-ee4f834aee59",
              "parentUUID": "98cc6077-028a-4605-b2e1-11f004705383",
              "isHook": false,
              "skipped": false
            },
            {
              "title": "O header tem os ícones corretos na tela de principal de receitas de comidas",
              "fullTitle": "Deve apresentar um ícone para a tela de perfil, um título e um ícone para a busca (caso exista no protótipo) O header tem os ícones corretos na tela de principal de receitas de comidas",
              "timedOut": null,
              "duration": 473,
              "state": "passed",
              "speed": "slow",
              "pass": true,
              "fail": false,
              "pending": false,
              "context": null,
              "code": "cy.visit('http://localhost:3000/comidas');\nhasHeader('Comidas');",
              "err": {},
              "uuid": "199d224b-ce1e-46d0-8451-339615f627bf",
              "parentUUID": "98cc6077-028a-4605-b2e1-11f004705383",
              "isHook": false,
              "skipped": false
            },
            {
              "title": "O header tem os ícones corretos na tela de principal de receitas de bebidas",
              "fullTitle": "Deve apresentar um ícone para a tela de perfil, um título e um ícone para a busca (caso exista no protótipo) O header tem os ícones corretos na tela de principal de receitas de bebidas",
              "timedOut": null,
              "duration": 467,
              "state": "passed",
              "speed": "slow",
              "pass": true,
              "fail": false,
              "pending": false,
              "context": null,
              "code": "cy.visit('http://localhost:3000/bebidas');\nhasHeader('Bebidas');",
              "err": {},
              "uuid": "f0f71680-e843-4e73-b20b-379cc09a20e8",
              "parentUUID": "98cc6077-028a-4605-b2e1-11f004705383",
              "isHook": false,
              "skipped": false
            },
            {
              "title": "Não tem header na tela de detalhes de uma receita de comida",
              "fullTitle": "Deve apresentar um ícone para a tela de perfil, um título e um ícone para a busca (caso exista no protótipo) Não tem header na tela de detalhes de uma receita de comida",
              "timedOut": null,
              "duration": 875,
              "state": "passed",
              "speed": "slow",
              "pass": true,
              "fail": false,
              "pending": false,
              "context": null,
              "code": "cy.visit('http://localhost:3000/comidas/52771');\nhasNoHeader();",
              "err": {},
              "uuid": "ba5cdf4c-b9cb-4b11-bebd-0c1966be3049",
              "parentUUID": "98cc6077-028a-4605-b2e1-11f004705383",
              "isHook": false,
              "skipped": false
            },
            {
              "title": "Não tem header na tela de detalhes de uma receita de bebida",
              "fullTitle": "Deve apresentar um ícone para a tela de perfil, um título e um ícone para a busca (caso exista no protótipo) Não tem header na tela de detalhes de uma receita de bebida",
              "timedOut": null,
              "duration": 249,
              "state": "passed",
              "speed": "slow",
              "pass": true,
              "fail": false,
              "pending": false,
              "context": null,
              "code": "cy.visit('http://localhost:3000/bebidas/178319');\nhasNoHeader();",
              "err": {},
              "uuid": "48d8d487-b58d-4327-bd70-06b68d796dfc",
              "parentUUID": "98cc6077-028a-4605-b2e1-11f004705383",
              "isHook": false,
              "skipped": false
            },
            {
              "title": "Não tem header na tela de receita em processo de comida",
              "fullTitle": "Deve apresentar um ícone para a tela de perfil, um título e um ícone para a busca (caso exista no protótipo) Não tem header na tela de receita em processo de comida",
              "timedOut": null,
              "duration": 1898,
              "state": "failed",
              "speed": null,
              "pass": false,
              "fail": true,
              "pending": false,
              "context": null,
              "code": "cy.visit('http://localhost:3000/comidas/52771/in-progress');\nhasNoHeader();",
              "err": {
                "message": "Uncaught Error: Script error.\n\nCypress detected that an uncaught error was thrown from a cross origin script.\n\nWe cannot provide you the stack trace, line number, or file where this error occurred.\n\nCheck your Developer Tools Console for the actual error - it should be printed there.\n\nIt's possible to enable debugging these scripts by adding the 'crossorigin' attribute and setting a CORS header.\n\nhttps://on.cypress.io/cross-origin-script-error\n\nThis error originated from your application code, not from Cypress.\n\nWhen Cypress detects uncaught errors originating from your application it will automatically fail the current test.\n\nThis behavior is configurable, and you can choose to turn this off by listening to the 'uncaught:exception' event.\n\nhttps://on.cypress.io/uncaught-exception-from-application",
                "estack": "Uncaught Error: Script error.\n\nCypress detected that an uncaught error was thrown from a cross origin script.\n\nWe cannot provide you the stack trace, line number, or file where this error occurred.\n\nCheck your Developer Tools Console for the actual error - it should be printed there.\n\nIt's possible to enable debugging these scripts by adding the 'crossorigin' attribute and setting a CORS header.\n\nhttps://on.cypress.io/cross-origin-script-error\n\nThis error originated from your application code, not from Cypress.\n\nWhen Cypress detects uncaught errors originating from your application it will automatically fail the current test.\n\nThis behavior is configurable, and you can choose to turn this off by listening to the 'uncaught:exception' event.\n\nhttps://on.cypress.io/uncaught-exception-from-application\n    at createErrFromMsg (http://localhost:3000/__cypress/runner/cypress_runner.js:74520:14)\n    at Object.createUncaughtException (http://localhost:3000/__cypress/runner/cypress_runner.js:74525:13)\n    at Object.onUncaughtException (http://localhost:3000/__cypress/runner/cypress_runner.js:81618:24)\n    at onError (http://localhost:3000/__cypress/runner/cypress_runner.js:80717:39)",
                "diff": null
              },
              "uuid": "e7588646-28a4-4334-b3bb-1245b1c29b43",
              "parentUUID": "98cc6077-028a-4605-b2e1-11f004705383",
              "isHook": false,
              "skipped": false
            },
            {
              "title": "Não tem header na tela de receita em processo de bebida",
              "fullTitle": "Deve apresentar um ícone para a tela de perfil, um título e um ícone para a busca (caso exista no protótipo) Não tem header na tela de receita em processo de bebida",
              "timedOut": null,
              "duration": 1240,
              "state": "failed",
              "speed": null,
              "pass": false,
              "fail": true,
              "pending": false,
              "context": null,
              "code": "cy.visit('http://localhost:3000/bebidas/178319/in-progress');\nhasNoHeader();",
              "err": {
                "message": "Uncaught Error: Script error.\n\nCypress detected that an uncaught error was thrown from a cross origin script.\n\nWe cannot provide you the stack trace, line number, or file where this error occurred.\n\nCheck your Developer Tools Console for the actual error - it should be printed there.\n\nIt's possible to enable debugging these scripts by adding the 'crossorigin' attribute and setting a CORS header.\n\nhttps://on.cypress.io/cross-origin-script-error\n\nThis error originated from your application code, not from Cypress.\n\nWhen Cypress detects uncaught errors originating from your application it will automatically fail the current test.\n\nThis behavior is configurable, and you can choose to turn this off by listening to the 'uncaught:exception' event.\n\nhttps://on.cypress.io/uncaught-exception-from-application",
                "estack": "Uncaught Error: Script error.\n\nCypress detected that an uncaught error was thrown from a cross origin script.\n\nWe cannot provide you the stack trace, line number, or file where this error occurred.\n\nCheck your Developer Tools Console for the actual error - it should be printed there.\n\nIt's possible to enable debugging these scripts by adding the 'crossorigin' attribute and setting a CORS header.\n\nhttps://on.cypress.io/cross-origin-script-error\n\nThis error originated from your application code, not from Cypress.\n\nWhen Cypress detects uncaught errors originating from your application it will automatically fail the current test.\n\nThis behavior is configurable, and you can choose to turn this off by listening to the 'uncaught:exception' event.\n\nhttps://on.cypress.io/uncaught-exception-from-application\n    at createErrFromMsg (http://localhost:3000/__cypress/runner/cypress_runner.js:74520:14)\n    at Object.createUncaughtException (http://localhost:3000/__cypress/runner/cypress_runner.js:74525:13)\n    at Object.onUncaughtException (http://localhost:3000/__cypress/runner/cypress_runner.js:81618:24)\n    at onError (http://localhost:3000/__cypress/runner/cypress_runner.js:80717:39)",
                "diff": null
              },
              "uuid": "fd438411-964b-45d8-848c-79ca669b289c",
              "parentUUID": "98cc6077-028a-4605-b2e1-11f004705383",
              "isHook": false,
              "skipped": false
            },
            {
              "title": "O header tem os ícones corretos na tela de explorar",
              "fullTitle": "Deve apresentar um ícone para a tela de perfil, um título e um ícone para a busca (caso exista no protótipo) O header tem os ícones corretos na tela de explorar",
              "timedOut": null,
              "duration": 467,
              "state": "passed",
              "speed": "slow",
              "pass": true,
              "fail": false,
              "pending": false,
              "context": null,
              "code": "cy.visit('http://localhost:3000/explorar');\nhasHeader('Explorar', false);",
              "err": {},
              "uuid": "fd02f2a1-922f-4936-8d5f-c19bb50226bc",
              "parentUUID": "98cc6077-028a-4605-b2e1-11f004705383",
              "isHook": false,
              "skipped": false
            },
            {
              "title": "O header tem os ícones corretos na tela de explorar comidas",
              "fullTitle": "Deve apresentar um ícone para a tela de perfil, um título e um ícone para a busca (caso exista no protótipo) O header tem os ícones corretos na tela de explorar comidas",
              "timedOut": null,
              "duration": 380,
              "state": "passed",
              "speed": "slow",
              "pass": true,
              "fail": false,
              "pending": false,
              "context": null,
              "code": "cy.visit('http://localhost:3000/explorar/comidas');\nhasHeader('Explorar Comidas', false);",
              "err": {},
              "uuid": "1d49e342-7be6-4430-a4d5-a4a63d62f8aa",
              "parentUUID": "98cc6077-028a-4605-b2e1-11f004705383",
              "isHook": false,
              "skipped": false
            },
            {
              "title": "O header tem os ícones corretos na tela de explorar bebidas",
              "fullTitle": "Deve apresentar um ícone para a tela de perfil, um título e um ícone para a busca (caso exista no protótipo) O header tem os ícones corretos na tela de explorar bebidas",
              "timedOut": null,
              "duration": 276,
              "state": "passed",
              "speed": "slow",
              "pass": true,
              "fail": false,
              "pending": false,
              "context": null,
              "code": "cy.visit('http://localhost:3000/explorar/bebidas');\nhasHeader('Explorar Bebidas', false);",
              "err": {},
              "uuid": "aefa650b-4de1-4898-ad87-bed9d86471e8",
              "parentUUID": "98cc6077-028a-4605-b2e1-11f004705383",
              "isHook": false,
              "skipped": false
            },
            {
              "title": "O header tem os ícones corretos na tela de explorar comidas por ingrediente",
              "fullTitle": "Deve apresentar um ícone para a tela de perfil, um título e um ícone para a busca (caso exista no protótipo) O header tem os ícones corretos na tela de explorar comidas por ingrediente",
              "timedOut": null,
              "duration": 283,
              "state": "passed",
              "speed": "slow",
              "pass": true,
              "fail": false,
              "pending": false,
              "context": null,
              "code": "cy.visit('http://localhost:3000/explorar/comidas/ingredientes');\nhasHeader('Explorar Ingredientes', false);",
              "err": {},
              "uuid": "09beb79c-6039-444f-8ee4-193378d3e9a9",
              "parentUUID": "98cc6077-028a-4605-b2e1-11f004705383",
              "isHook": false,
              "skipped": false
            },
            {
              "title": "O header tem os ícones corretos na tela de explorar bebidas por ingrediente",
              "fullTitle": "Deve apresentar um ícone para a tela de perfil, um título e um ícone para a busca (caso exista no protótipo) O header tem os ícones corretos na tela de explorar bebidas por ingrediente",
              "timedOut": null,
              "duration": 387,
              "state": "passed",
              "speed": "slow",
              "pass": true,
              "fail": false,
              "pending": false,
              "context": null,
              "code": "cy.visit('http://localhost:3000/explorar/bebidas/ingredientes');\nhasHeader('Explorar Ingredientes', false);",
              "err": {},
              "uuid": "271f5488-e46e-4921-8f13-642fde760fdd",
              "parentUUID": "98cc6077-028a-4605-b2e1-11f004705383",
              "isHook": false,
              "skipped": false
            },
            {
              "title": "O header tem os ícones corretos na tela de explorar comidas por local de origem",
              "fullTitle": "Deve apresentar um ícone para a tela de perfil, um título e um ícone para a busca (caso exista no protótipo) O header tem os ícones corretos na tela de explorar comidas por local de origem",
              "timedOut": null,
              "duration": 408,
              "state": "passed",
              "speed": "slow",
              "pass": true,
              "fail": false,
              "pending": false,
              "context": null,
              "code": "cy.visit('http://localhost:3000/explorar/comidas/area');\nhasHeader('Explorar Origem');",
              "err": {},
              "uuid": "09589882-c2e2-4902-9ac9-ba00a8d49ed5",
              "parentUUID": "98cc6077-028a-4605-b2e1-11f004705383",
              "isHook": false,
              "skipped": false
            },
            {
              "title": "O header tem os ícones corretos na tela de perfil",
              "fullTitle": "Deve apresentar um ícone para a tela de perfil, um título e um ícone para a busca (caso exista no protótipo) O header tem os ícones corretos na tela de perfil",
              "timedOut": null,
              "duration": 276,
              "state": "passed",
              "speed": "slow",
              "pass": true,
              "fail": false,
              "pending": false,
              "context": null,
              "code": "cy.visit('http://localhost:3000/perfil');\nhasHeader('Perfil', false);",
              "err": {},
              "uuid": "3d015ccd-6da9-498a-9815-ac713b0b1f8b",
              "parentUUID": "98cc6077-028a-4605-b2e1-11f004705383",
              "isHook": false,
              "skipped": false
            },
            {
              "title": "O header tem os ícones corretos na tela de receitas feitas",
              "fullTitle": "Deve apresentar um ícone para a tela de perfil, um título e um ícone para a busca (caso exista no protótipo) O header tem os ícones corretos na tela de receitas feitas",
              "timedOut": null,
              "duration": 316,
              "state": "passed",
              "speed": "slow",
              "pass": true,
              "fail": false,
              "pending": false,
              "context": null,
              "code": "cy.visit('http://localhost:3000/receitas-feitas');\nhasHeader('Receitas Feitas', false);",
              "err": {},
              "uuid": "34d38373-c5e7-4514-a761-ec320887b083",
              "parentUUID": "98cc6077-028a-4605-b2e1-11f004705383",
              "isHook": false,
              "skipped": false
            },
            {
              "title": "O header tem os ícones corretos na tela de receitas favoritas",
              "fullTitle": "Deve apresentar um ícone para a tela de perfil, um título e um ícone para a busca (caso exista no protótipo) O header tem os ícones corretos na tela de receitas favoritas",
              "timedOut": null,
              "duration": 253,
              "state": "passed",
              "speed": "slow",
              "pass": true,
              "fail": false,
              "pending": false,
              "context": null,
              "code": "cy.visit('http://localhost:3000/receitas-favoritas');\nhasHeader('Receitas Favoritas', false);",
              "err": {},
              "uuid": "3e962f6a-f4f5-4c36-a20c-3618dc369af3",
              "parentUUID": "98cc6077-028a-4605-b2e1-11f004705383",
              "isHook": false,
              "skipped": false
            }
          ],
          "suites": [],
          "passes": [
            "7daf1e12-7874-491d-ac83-ee4f834aee59",
            "199d224b-ce1e-46d0-8451-339615f627bf",
            "f0f71680-e843-4e73-b20b-379cc09a20e8",
            "ba5cdf4c-b9cb-4b11-bebd-0c1966be3049",
            "48d8d487-b58d-4327-bd70-06b68d796dfc",
            "fd02f2a1-922f-4936-8d5f-c19bb50226bc",
            "1d49e342-7be6-4430-a4d5-a4a63d62f8aa",
            "aefa650b-4de1-4898-ad87-bed9d86471e8",
            "09beb79c-6039-444f-8ee4-193378d3e9a9",
            "271f5488-e46e-4921-8f13-642fde760fdd",
            "09589882-c2e2-4902-9ac9-ba00a8d49ed5",
            "3d015ccd-6da9-498a-9815-ac713b0b1f8b",
            "34d38373-c5e7-4514-a761-ec320887b083",
            "3e962f6a-f4f5-4c36-a20c-3618dc369af3"
          ],
          "failures": [
            "e7588646-28a4-4334-b3bb-1245b1c29b43",
            "fd438411-964b-45d8-848c-79ca669b289c"
          ],
          "pending": [],
          "skipped": [],
          "duration": 8816,
          "root": false,
          "rootEmpty": false,
          "_timeout": 2000
        },
        {
          "uuid": "26ba8977-3c67-4bde-850b-ef7c160bd92b",
          "title": "Ao clicar no botão de perfil, deve-se ir para a tela de perfil",
          "fullFile": "",
          "file": "",
          "beforeHooks": [],
          "afterHooks": [],
          "tests": [
            {
              "title": "A mudança de tela ocorre corretamente",
              "fullTitle": "Ao clicar no botão de perfil, deve-se ir para a tela de perfil A mudança de tela ocorre corretamente",
              "timedOut": null,
              "duration": 360,
              "state": "passed",
              "speed": "slow",
              "pass": true,
              "fail": false,
              "pending": false,
              "context": null,
              "code": "cy.visit('http://localhost:3000/comidas');\ncy.get('[data-testid=\"page-title\"]').contains('Comidas');\ncy.get('[data-testid=\"profile-top-btn\"]').click();\ncy.get('[data-testid=\"page-title\"]').contains('Perfil');",
              "err": {},
              "uuid": "d92eb0be-fa87-47a2-9bb7-52680ec80175",
              "parentUUID": "26ba8977-3c67-4bde-850b-ef7c160bd92b",
              "isHook": false,
              "skipped": false
            }
          ],
          "suites": [],
          "passes": [
            "d92eb0be-fa87-47a2-9bb7-52680ec80175"
          ],
          "failures": [],
          "pending": [],
          "skipped": [],
          "duration": 360,
          "root": false,
          "rootEmpty": false,
          "_timeout": 2000
        },
        {
          "uuid": "ad7cf23c-716a-420a-9a41-23f6ca0c720a",
          "title": "Ao clicar no botão de busca, a barra de busca deve aparecer. O mesmo serve para escondê-la",
          "fullFile": "",
          "file": "",
          "beforeHooks": [],
          "afterHooks": [],
          "tests": [
            {
              "title": "Ao clicar no botão de busca pela primeira vez a barra de busca aparece",
              "fullTitle": "Ao clicar no botão de busca, a barra de busca deve aparecer. O mesmo serve para escondê-la Ao clicar no botão de busca pela primeira vez a barra de busca aparece",
              "timedOut": null,
              "duration": 467,
              "state": "passed",
              "speed": "slow",
              "pass": true,
              "fail": false,
              "pending": false,
              "context": null,
              "code": "cy.visit('http://localhost:3000/comidas');\ncy.get('[data-testid=\"search-input\"]').should('not.exist');\ncy.get('[data-testid=\"search-top-btn\"]').click();\ncy.get('[data-testid=\"search-input\"]');",
              "err": {},
              "uuid": "fa1ef549-6787-4aa3-bf9f-044f1fe8b32d",
              "parentUUID": "ad7cf23c-716a-420a-9a41-23f6ca0c720a",
              "isHook": false,
              "skipped": false
            },
            {
              "title": "Ao clicar no botão de busca pela segunda vez a barra de busca desaparece",
              "fullTitle": "Ao clicar no botão de busca, a barra de busca deve aparecer. O mesmo serve para escondê-la Ao clicar no botão de busca pela segunda vez a barra de busca desaparece",
              "timedOut": null,
              "duration": 596,
              "state": "passed",
              "speed": "slow",
              "pass": true,
              "fail": false,
              "pending": false,
              "context": null,
              "code": "cy.visit('http://localhost:3000/comidas');\ncy.get('[data-testid=\"search-top-btn\"]').click();\ncy.get('[data-testid=\"search-input\"]');\ncy.get('[data-testid=\"search-top-btn\"]').click();\ncy.get('[data-testid=\"search-input\"]').should('not.exist');",
              "err": {},
              "uuid": "0f558905-cb1b-4d47-a0c4-347ab9044e5c",
              "parentUUID": "ad7cf23c-716a-420a-9a41-23f6ca0c720a",
              "isHook": false,
              "skipped": false
            }
          ],
          "suites": [],
          "passes": [
            "fa1ef549-6787-4aa3-bf9f-044f1fe8b32d",
            "0f558905-cb1b-4d47-a0c4-347ab9044e5c"
          ],
          "failures": [],
          "pending": [],
          "skipped": [],
          "duration": 1063,
          "root": false,
          "rootEmpty": false,
          "_timeout": 2000
        }
      ],
      "passes": [],
      "failures": [],
      "pending": [],
      "skipped": [],
      "duration": 0,
      "root": true,
      "rootEmpty": true,
      "_timeout": 2000
    }
  ],
  "meta": {
    "mocha": {
      "version": "8.1.3"
    },
    "mochawesome": {
      "options": {
        "quiet": false,
        "reportFilename": "mochawesome",
        "saveHtml": false,
        "saveJson": true,
        "consoleReporter": "spec",
        "useInlineDiffs": false,
        "code": true
      },
      "version": "6.1.1"
    },
    "marge": {
      "options": {
        "id": "default",
        "reportDir": "cypress/reports",
        "overwrite": false,
        "html": false,
        "json": true
      },
      "version": "5.1.0"
    }
  }
}